2021-05-03 15:02:59,297 - SDKLogger - INFO - initializer - initializer.py - initialize - 130  - Initialization successful for Email Id : crm+bmke@roam.africa in Environment : https://www.zohoapis.com.
2021-05-03 15:04:13,401 - SDKLogger - INFO - common_api_handler - common_api_handler.py - api_call - 290  - Exception in authenticating current request : Caused By: TOKEN_STORE - Exception in getToken - DBStore2003 (HY000): Can't connect to MySQL server on 'localhost' (111)
2021-05-03 15:04:13,402 - SDKLogger - INFO - utility - utility.py - get_fields - 168  - ExceptionCaused By: TOKEN_STORE - Exception in getToken - DBStore2003 (HY000): Can't connect to MySQL server on 'localhost' (111)
2021-05-03 15:15:40,593 - SDKLogger - INFO - initializer - initializer.py - initialize - 130  - Initialization successful for Email Id : crm+bmke@roam.africa in Environment : https://www.zohoapis.com.
2021-05-03 15:16:09,217 - SDKLogger - INFO - common_api_handler - common_api_handler.py - api_call - 290  - Exception in authenticating current request : Caused By: TOKEN_STORE - Exception in getToken - DBStore2003 (HY000): Can't connect to MySQL server on 'localhost' (111)
2021-05-03 15:16:09,217 - SDKLogger - INFO - utility - utility.py - get_fields - 168  - ExceptionCaused By: TOKEN_STORE - Exception in getToken - DBStore2003 (HY000): Can't connect to MySQL server on 'localhost' (111)
2021-05-03 15:30:47,873 - SDKLogger - INFO - initializer - initializer.py - initialize - 130  - Initialization successful for Email Id : crm+bmke@roam.africa in Environment : https://www.zohoapis.com.
2021-05-03 15:31:03,233 - SDKLogger - INFO - common_api_handler - common_api_handler.py - api_call - 290  - Exception in authenticating current request : Caused By: INVALID CLIENT ERROR - invalid_code
2021-05-03 15:31:03,233 - SDKLogger - INFO - utility - utility.py - get_fields - 168  - ExceptionCaused By: INVALID CLIENT ERROR - invalid_code
2021-05-03 15:34:02,105 - SDKLogger - INFO - initializer - initializer.py - initialize - 130  - Initialization successful for Email Id : crm+bmke@roam.africa in Environment : https://www.zohoapis.com.
2021-05-03 15:34:29,583 - SDKLogger - INFO - common_api_handler - common_api_handler.py - api_call - 290  - Exception in authenticating current request : Caused By: INVALID CLIENT ERROR - invalid_code
2021-05-03 15:34:29,584 - SDKLogger - INFO - utility - utility.py - get_fields - 168  - ExceptionCaused By: INVALID CLIENT ERROR - invalid_code
2021-05-03 15:46:38,379 - SDKLogger - INFO - initializer - initializer.py - initialize - 130  - Initialization successful for Email Id : crm+bmke@roam.africa in Environment : https://www.zohoapis.com.
2021-05-03 15:46:51,807 - SDKLogger - INFO - common_api_handler - common_api_handler.py - api_call - 290  - Exception in authenticating current request : Caused By: INVALID CLIENT ERROR - invalid_code
2021-05-03 15:46:51,807 - SDKLogger - INFO - utility - utility.py - get_fields - 168  - ExceptionCaused By: INVALID CLIENT ERROR - invalid_code
2021-05-03 15:51:05,497 - SDKLogger - INFO - initializer - initializer.py - initialize - 130  - Initialization successful for Email Id : crm+bmke@roam.africa in Environment : https://www.zohoapis.com.
2021-05-03 15:51:24,197 - SDKLogger - INFO - api_http_connector - api_http_connector.py - fire_request - 100  - GET - URL = https://www.zohoapis.com/crm/v2/settings/fields , HEADERS = {"Authorization": " ## can't disclose ## ", "X-ZOHO-SDK": "Linux/5.4.0-72-generic python/3.6.12:3.0.0"} , PARAMS = {"module": "Leads"}.
2021-05-03 15:51:26,092 - SDKLogger - INFO - utility - utility.py - get_fields - 168  - ExceptionCaused By: API_EXCEPTION - {"code": "OAUTH_SCOPE_MISMATCH", "status": "error", "message": "invalid oauth scope to access this URL"}
2021-05-03 15:52:51,162 - SDKLogger - INFO - initializer - initializer.py - initialize - 130  - Initialization successful for Email Id : crm+bmke@roam.africa in Environment : https://www.zohoapis.com.
2021-05-03 15:53:01,692 - SDKLogger - INFO - common_api_handler - common_api_handler.py - api_call - 290  - Exception in authenticating current request : Caused By: INVALID CLIENT ERROR - invalid_code
2021-05-03 15:53:01,692 - SDKLogger - INFO - utility - utility.py - get_fields - 168  - ExceptionCaused By: INVALID CLIENT ERROR - invalid_code
2021-05-03 15:53:59,265 - SDKLogger - INFO - initializer - initializer.py - initialize - 130  - Initialization successful for Email Id : crm+bmke@roam.africa in Environment : https://www.zohoapis.com.
2021-05-03 15:54:09,062 - SDKLogger - INFO - common_api_handler - common_api_handler.py - api_call - 290  - Exception in authenticating current request : Caused By: INVALID CLIENT ERROR - invalid_code
2021-05-03 15:54:09,062 - SDKLogger - INFO - utility - utility.py - get_fields - 168  - ExceptionCaused By: INVALID CLIENT ERROR - invalid_code
2021-05-03 15:57:05,038 - SDKLogger - INFO - initializer - initializer.py - initialize - 130  - Initialization successful for Email Id : crm+bmke@roam.africa in Environment : https://www.zohoapis.com.
2021-05-03 15:57:27,036 - SDKLogger - INFO - api_http_connector - api_http_connector.py - fire_request - 100  - GET - URL = https://www.zohoapis.com/crm/v2/settings/modules , HEADERS = {"Authorization": " ## can't disclose ## ", "X-ZOHO-SDK": "Linux/5.4.0-72-generic python/3.6.12:3.0.0"} , PARAMS = {}.
2021-05-03 15:57:28,177 - SDKLogger - INFO - utility - utility.py - get_fields - 168  - ExceptionCaused By: API_EXCEPTION - {"code": "OAUTH_SCOPE_MISMATCH", "status": "error", "message": "invalid oauth scope to access this URL"}
2021-05-03 16:04:09,849 - SDKLogger - INFO - initializer - initializer.py - initialize - 130  - Initialization successful for Email Id : crm+bmke@roam.africa in Environment : https://www.zohoapis.com.
2021-05-03 16:04:19,142 - SDKLogger - INFO - api_http_connector - api_http_connector.py - fire_request - 100  - GET - URL = https://www.zohoapis.com/crm/v2/settings/modules , HEADERS = {"Authorization": " ## can't disclose ## ", "X-ZOHO-SDK": "Linux/5.4.0-72-generic python/3.6.12:3.0.0"} , PARAMS = {}.
2021-05-03 16:04:20,111 - SDKLogger - INFO - utility - utility.py - get_fields - 168  - ExceptionCaused By: API_EXCEPTION - {"code": "OAUTH_SCOPE_MISMATCH", "status": "error", "message": "invalid oauth scope to access this URL"}
2021-05-03 16:10:36,223 - SDKLogger - INFO - initializer - initializer.py - initialize - 130  - Initialization successful for Email Id : crm+bmke@roam.africa in Environment : https://www.zohoapis.com.
2021-05-03 16:10:45,473 - SDKLogger - INFO - api_http_connector - api_http_connector.py - fire_request - 100  - GET - URL = https://www.zohoapis.com/crm/v2/settings/modules , HEADERS = {"Authorization": " ## can't disclose ## ", "X-ZOHO-SDK": "Linux/5.4.0-72-generic python/3.6.12:3.0.0"} , PARAMS = {}.
2021-05-03 16:10:46,770 - SDKLogger - INFO - api_http_connector - api_http_connector.py - fire_request - 100  - GET - URL = https://www.zohoapis.com/crm/v2/settings/fields , HEADERS = {"Authorization": " ## can't disclose ## ", "X-ZOHO-SDK": "Linux/5.4.0-72-generic python/3.6.12:3.0.0"} , PARAMS = {"module": "Leads"}.
2021-05-03 16:10:48,019 - SDKLogger - INFO - api_http_connector - api_http_connector.py - fire_request - 100  - GET - URL = https://www.zohoapis.com/crm/v2/settings/fields , HEADERS = {"Authorization": " ## can't disclose ## ", "X-ZOHO-SDK": "Linux/5.4.0-72-generic python/3.6.12:3.0.0"} , PARAMS = {"module": "Products"}.
2021-05-03 16:10:49,143 - SDKLogger - INFO - api_http_connector - api_http_connector.py - fire_request - 100  - GET - URL = https://www.zohoapis.com/crm/v2/settings/fields , HEADERS = {"Authorization": " ## can't disclose ## ", "X-ZOHO-SDK": "Linux/5.4.0-72-generic python/3.6.12:3.0.0"} , PARAMS = {"module": "Accounts"}.
2021-05-03 16:10:50,274 - SDKLogger - INFO - api_http_connector - api_http_connector.py - fire_request - 100  - GET - URL = https://www.zohoapis.com/crm/v2/settings/fields , HEADERS = {"Authorization": " ## can't disclose ## ", "X-ZOHO-SDK": "Linux/5.4.0-72-generic python/3.6.12:3.0.0"} , PARAMS = {"module": "Contacts"}.
2021-05-03 16:10:51,350 - SDKLogger - INFO - api_http_connector - api_http_connector.py - fire_request - 100  - GET - URL = https://www.zohoapis.com/crm/v2/settings/fields , HEADERS = {"Authorization": " ## can't disclose ## ", "X-ZOHO-SDK": "Linux/5.4.0-72-generic python/3.6.12:3.0.0"} , PARAMS = {"module": "Deals"}.
2021-05-03 16:10:52,543 - SDKLogger - INFO - api_http_connector - api_http_connector.py - fire_request - 100  - GET - URL = https://www.zohoapis.com/crm/v2/settings/fields , HEADERS = {"Authorization": " ## can't disclose ## ", "X-ZOHO-SDK": "Linux/5.4.0-72-generic python/3.6.12:3.0.0"} , PARAMS = {"module": "Sales_Orders"}.
2021-05-03 16:10:53,666 - SDKLogger - INFO - api_http_connector - api_http_connector.py - fire_request - 100  - GET - URL = https://www.zohoapis.com/crm/v2/settings/fields , HEADERS = {"Authorization": " ## can't disclose ## ", "X-ZOHO-SDK": "Linux/5.4.0-72-generic python/3.6.12:3.0.0"} , PARAMS = {"module": "Recruitment"}.
2021-05-03 16:10:54,827 - SDKLogger - INFO - api_http_connector - api_http_connector.py - fire_request - 100  - GET - URL = https://www.zohoapis.com/crm/v2/settings/fields , HEADERS = {"Authorization": " ## can't disclose ## ", "X-ZOHO-SDK": "Linux/5.4.0-72-generic python/3.6.12:3.0.0"} , PARAMS = {"module": "Tasks"}.
2021-05-03 16:10:55,883 - SDKLogger - INFO - api_http_connector - api_http_connector.py - fire_request - 100  - GET - URL = https://www.zohoapis.com/crm/v2/settings/fields , HEADERS = {"Authorization": " ## can't disclose ## ", "X-ZOHO-SDK": "Linux/5.4.0-72-generic python/3.6.12:3.0.0"} , PARAMS = {"module": "Events"}.
2021-05-03 16:10:56,982 - SDKLogger - INFO - api_http_connector - api_http_connector.py - fire_request - 100  - GET - URL = https://www.zohoapis.com/crm/v2/settings/fields , HEADERS = {"Authorization": " ## can't disclose ## ", "X-ZOHO-SDK": "Linux/5.4.0-72-generic python/3.6.12:3.0.0"} , PARAMS = {"module": "Activities"}.
2021-05-03 16:10:58,177 - SDKLogger - INFO - api_http_connector - api_http_connector.py - fire_request - 100  - GET - URL = https://www.zohoapis.com/crm/v2/settings/fields , HEADERS = {"Authorization": " ## can't disclose ## ", "X-ZOHO-SDK": "Linux/5.4.0-72-generic python/3.6.12:3.0.0"} , PARAMS = {"module": "Calls"}.
2021-05-03 16:10:59,254 - SDKLogger - INFO - api_http_connector - api_http_connector.py - fire_request - 100  - GET - URL = https://www.zohoapis.com/crm/v2/settings/fields , HEADERS = {"Authorization": " ## can't disclose ## ", "X-ZOHO-SDK": "Linux/5.4.0-72-generic python/3.6.12:3.0.0"} , PARAMS = {"module": "Cases"}.
2021-05-03 16:11:00,323 - SDKLogger - INFO - api_http_connector - api_http_connector.py - fire_request - 100  - GET - URL = https://www.zohoapis.com/crm/v2/settings/fields , HEADERS = {"Authorization": " ## can't disclose ## ", "X-ZOHO-SDK": "Linux/5.4.0-72-generic python/3.6.12:3.0.0"} , PARAMS = {"module": "Solutions"}.
2021-05-03 16:11:03,485 - SDKLogger - INFO - api_http_connector - api_http_connector.py - fire_request - 100  - GET - URL = https://www.zohoapis.com/crm/v2/settings/fields , HEADERS = {"Authorization": " ## can't disclose ## ", "X-ZOHO-SDK": "Linux/5.4.0-72-generic python/3.6.12:3.0.0"} , PARAMS = {"module": "Approvals"}.
2021-05-03 16:11:04,563 - SDKLogger - INFO - api_http_connector - api_http_connector.py - fire_request - 100  - GET - URL = https://www.zohoapis.com/crm/v2/settings/fields , HEADERS = {"Authorization": " ## can't disclose ## ", "X-ZOHO-SDK": "Linux/5.4.0-72-generic python/3.6.12:3.0.0"} , PARAMS = {"module": "Forecasts"}.
2021-05-03 16:11:05,520 - SDKLogger - INFO - utility - utility.py - get_fields - 168  - ExceptionCaused By: API_EXCEPTION - {"code": "INVALID_MODULE", "status": "error", "message": "the given module is not supported in api"}
2021-05-03 16:11:05,542 - SDKLogger - INFO - utility - utility.py - get_fields - 168  - ExceptionCaused By: API_EXCEPTION - {"code": "INVALID_MODULE", "status": "error", "message": "the given module is not supported in api"}
2021-05-03 16:16:10,231 - SDKLogger - INFO - initializer - initializer.py - initialize - 130  - Initialization successful for Email Id : crm+bmke@roam.africa in Environment : https://www.zohoapis.com.
2021-05-03 16:16:19,795 - SDKLogger - INFO - api_http_connector - api_http_connector.py - fire_request - 100  - GET - URL = https://www.zohoapis.com/crm/v2/settings/fields , HEADERS = {"Authorization": " ## can't disclose ## ", "X-ZOHO-SDK": "Linux/5.4.0-72-generic python/3.6.12:3.0.0"} , PARAMS = {"module": "Leads"}.
2021-05-03 16:16:21,107 - SDKLogger - INFO - api_http_connector - api_http_connector.py - fire_request - 100  - GET - URL = https://www.zohoapis.com/crm/v2/Leads , HEADERS = {"If-Modified-Since": "2021-05-03T16:16:10+02:00", "Authorization": " ## can't disclose ## ", "X-ZOHO-SDK": "Linux/5.4.0-72-generic python/3.6.12:3.0.0"} , PARAMS = {"converted": "both", "cvid": "12712717217218"}.
2021-05-03 16:19:09,050 - SDKLogger - INFO - initializer - initializer.py - initialize - 130  - Initialization successful for Email Id : crm+bmke@roam.africa in Environment : https://www.zohoapis.com.
2021-05-03 16:19:09,054 - SDKLogger - INFO - api_http_connector - api_http_connector.py - fire_request - 100  - GET - URL = https://www.zohoapis.com/crm/v2/Leads , HEADERS = {"If-Modified-Since": "2021-05-03T16:19:09+02:00", "Authorization": " ## can't disclose ## ", "X-ZOHO-SDK": "Linux/5.4.0-72-generic python/3.6.12:3.0.0"} , PARAMS = {"converted": "both", "cvid": "12712717217218"}.
2021-05-03 16:21:06,044 - SDKLogger - INFO - initializer - initializer.py - initialize - 130  - Initialization successful for Email Id : crm+bmke@roam.africa in Environment : https://www.zohoapis.com.
2021-05-03 16:21:06,048 - SDKLogger - INFO - api_http_connector - api_http_connector.py - fire_request - 100  - GET - URL = https://www.zohoapis.com/crm/v2/Leads , HEADERS = {"If-Modified-Since": "2021-05-03T16:21:06+02:00", "Authorization": " ## can't disclose ## ", "X-ZOHO-SDK": "Linux/5.4.0-72-generic python/3.6.12:3.0.0"} , PARAMS = {"converted": "both"}.
2021-05-03 16:21:07,270 - SDKLogger - INFO - common_api_handler - common_api_handler.py - api_call - 329  - <Response [304]>
2021-05-03 17:18:02,518 - SDKLogger - INFO - initializer - initializer.py - initialize - 130  - Initialization successful for Email Id : crm+bmke@roam.africa in Environment : https://www.zohoapis.com.
2021-05-03 17:18:03,768 - SDKLogger - INFO - api_http_connector - api_http_connector.py - fire_request - 100  - GET - URL = https://www.zohoapis.com/crm/v2/settings/modules , HEADERS = {"If-Modified-Since": "2021-05-03T16:10:46+02:00", "Authorization": " ## can't disclose ## ", "X-ZOHO-SDK": "Linux/5.4.0-72-generic python/3.6.12:3.0.0"} , PARAMS = {}.
2021-05-03 17:18:05,406 - SDKLogger - INFO - utility - utility.py - get_fields - 168  - ExceptionCaused By: API_EXCEPTION - {"code": "OAUTH_SCOPE_MISMATCH", "status": "error", "message": "invalid oauth scope to access this URL"}
2021-05-03 19:01:46,233 - SDKLogger - INFO - initializer - initializer.py - initialize - 130  - Initialization successful for Email Id : crm+bmke@roam.africa in Environment : https://www.zohoapis.com.
2021-05-03 19:01:47,518 - SDKLogger - INFO - api_http_connector - api_http_connector.py - fire_request - 100  - POST - URL = https://www.zohoapis.com/crm/bulk/v2/read , HEADERS = {"Authorization": " ## can't disclose ## ", "X-ZOHO-SDK": "Linux/5.4.0-72-generic python/3.6.12:3.0.0", "Content-Type": "application/json"} , PARAMS = {}.
2021-05-03 19:07:27,493 - SDKLogger - INFO - initializer - initializer.py - initialize - 130  - Initialization successful for Email Id : crm+bmke@roam.africa in Environment : https://www.zohoapis.com.
2021-05-03 19:08:27,768 - SDKLogger - INFO - api_http_connector - api_http_connector.py - fire_request - 100  - POST - URL = https://www.zohoapis.com/crm/bulk/v2/read , HEADERS = {"Authorization": " ## can't disclose ## ", "X-ZOHO-SDK": "Linux/5.4.0-72-generic python/3.6.12:3.0.0", "Content-Type": "application/json"} , PARAMS = {}.
2021-05-03 19:08:51,527 - SDKLogger - INFO - initializer - initializer.py - initialize - 130  - Initialization successful for Email Id : crm+bmke@roam.africa in Environment : https://www.zohoapis.com.
2021-05-03 19:08:56,134 - SDKLogger - INFO - api_http_connector - api_http_connector.py - fire_request - 100  - POST - URL = https://www.zohoapis.com/crm/bulk/v2/read , HEADERS = {"Authorization": " ## can't disclose ## ", "X-ZOHO-SDK": "Linux/5.4.0-72-generic python/3.6.12:3.0.0", "Content-Type": "application/json"} , PARAMS = {}.
2021-05-03 19:38:13,091 - SDKLogger - INFO - initializer - initializer.py - initialize - 130  - Initialization successful for Email Id : crm+bmke@roam.africa in Environment : https://www.zohoapis.com.
2021-05-03 19:38:14,304 - SDKLogger - INFO - common_api_handler - common_api_handler.py - api_call - 290  - Exception in authenticating current request : Caused By: INVALID CLIENT ERROR - invalid_code
2021-05-03 19:38:43,884 - SDKLogger - INFO - initializer - initializer.py - initialize - 130  - Initialization successful for Email Id : crm+bmke@roam.africa in Environment : https://www.zohoapis.com.
2021-05-03 19:38:43,885 - SDKLogger - INFO - api_http_connector - api_http_connector.py - fire_request - 100  - POST - URL = https://www.zohoapis.com/crm/bulk/v2/read , HEADERS = {"Authorization": " ## can't disclose ## ", "X-ZOHO-SDK": "Linux/5.4.0-72-generic python/3.6.12:3.0.0", "Content-Type": "application/json"} , PARAMS = {}.
2021-05-03 19:40:57,044 - SDKLogger - INFO - initializer - initializer.py - initialize - 130  - Initialization successful for Email Id : crm+bmke@roam.africa in Environment : https://www.zohoapis.com.
2021-05-03 19:40:58,322 - SDKLogger - INFO - api_http_connector - api_http_connector.py - fire_request - 100  - POST - URL = https://www.zohoapis.com/crm/bulk/v2/read , HEADERS = {"Authorization": " ## can't disclose ## ", "X-ZOHO-SDK": "Linux/5.4.0-72-generic python/3.6.12:3.0.0", "Content-Type": "application/json"} , PARAMS = {}.
2021-05-03 19:42:18,253 - SDKLogger - INFO - initializer - initializer.py - initialize - 130  - Initialization successful for Email Id : crm+bmke@roam.africa in Environment : https://www.zohoapis.com.
2021-05-03 19:42:18,255 - SDKLogger - INFO - api_http_connector - api_http_connector.py - fire_request - 100  - POST - URL = https://www.zohoapis.com/crm/bulk/v2/read , HEADERS = {"Authorization": " ## can't disclose ## ", "X-ZOHO-SDK": "Linux/5.4.0-72-generic python/3.6.12:3.0.0", "Content-Type": "application/json"} , PARAMS = {}.
2021-05-03 19:42:43,851 - SDKLogger - INFO - initializer - initializer.py - initialize - 130  - Initialization successful for Email Id : crm+bmke@roam.africa in Environment : https://www.zohoapis.com.
2021-05-03 19:42:43,852 - SDKLogger - INFO - api_http_connector - api_http_connector.py - fire_request - 100  - POST - URL = https://www.zohoapis.com/crm/bulk/v2/read , HEADERS = {"Authorization": " ## can't disclose ## ", "X-ZOHO-SDK": "Linux/5.4.0-72-generic python/3.6.12:3.0.0", "Content-Type": "application/json"} , PARAMS = {}.
2021-05-04 10:17:43,300 - SDKLogger - INFO - initializer - initializer.py - initialize - 130  - Initialization successful for Email Id : crm+bmke@roam.africa in Environment : https://www.zohoapis.com.
2021-05-04 10:17:43,300 - SDKLogger - INFO - oauth_token - oauth_token.py - authenticate - 114  - Access Token has expired. Hence refreshing.
2021-05-04 10:17:44,312 - SDKLogger - INFO - api_http_connector - api_http_connector.py - fire_request - 100  - POST - URL = https://www.zohoapis.com/crm/bulk/v2/read , HEADERS = {"Authorization": " ## can't disclose ## ", "X-ZOHO-SDK": "Linux/5.4.0-72-generic python/3.6.12:3.0.0", "Content-Type": "application/json"} , PARAMS = {}.
2021-05-04 10:37:20,729 - SDKLogger - INFO - initializer - initializer.py - initialize - 130  - Initialization successful for Email Id : crm+bmke@roam.africa in Environment : https://www.zohoapis.com.
2021-05-04 10:37:21,793 - SDKLogger - INFO - common_api_handler - common_api_handler.py - api_call - 290  - Exception in authenticating current request : Caused By: INVALID CLIENT ERROR - invalid_code
2021-05-04 10:37:58,315 - SDKLogger - INFO - initializer - initializer.py - initialize - 130  - Initialization successful for Email Id : crm+bmke@roam.africa in Environment : https://www.zohoapis.com.
2021-05-04 10:37:58,316 - SDKLogger - INFO - api_http_connector - api_http_connector.py - fire_request - 100  - POST - URL = https://www.zohoapis.com/crm/bulk/v2/read , HEADERS = {"Authorization": " ## can't disclose ## ", "X-ZOHO-SDK": "Linux/5.4.0-72-generic python/3.6.12:3.0.0", "Content-Type": "application/json"} , PARAMS = {}.
2021-05-04 10:39:04,262 - SDKLogger - INFO - initializer - initializer.py - initialize - 130  - Initialization successful for Email Id : crm+bmke@roam.africa in Environment : https://www.zohoapis.com.
2021-05-04 10:39:04,264 - SDKLogger - INFO - api_http_connector - api_http_connector.py - fire_request - 100  - POST - URL = https://www.zohoapis.com/crm/bulk/v2/read , HEADERS = {"Authorization": " ## can't disclose ## ", "X-ZOHO-SDK": "Linux/5.4.0-72-generic python/3.6.12:3.0.0", "Content-Type": "application/json"} , PARAMS = {}.
2021-05-04 10:41:41,573 - SDKLogger - INFO - initializer - initializer.py - initialize - 130  - Initialization successful for Email Id : crm+bmke@roam.africa in Environment : https://www.zohoapis.com.
2021-05-04 10:41:42,892 - SDKLogger - INFO - api_http_connector - api_http_connector.py - fire_request - 100  - POST - URL = https://www.zohoapis.com/crm/bulk/v2/read , HEADERS = {"Authorization": " ## can't disclose ## ", "X-ZOHO-SDK": "Linux/5.4.0-72-generic python/3.6.12:3.0.0", "Content-Type": "application/json"} , PARAMS = {}.
2021-05-04 10:44:55,736 - SDKLogger - INFO - initializer - initializer.py - initialize - 130  - Initialization successful for Email Id : crm+bmke@roam.africa in Environment : https://www.zohoapis.com.
2021-05-04 10:44:55,738 - SDKLogger - INFO - api_http_connector - api_http_connector.py - fire_request - 100  - POST - URL = https://www.zohoapis.com/crm/bulk/v2/read , HEADERS = {"Authorization": " ## can't disclose ## ", "X-ZOHO-SDK": "Linux/5.4.0-72-generic python/3.6.12:3.0.0", "Content-Type": "application/json"} , PARAMS = {}.
2021-05-04 10:47:06,480 - SDKLogger - INFO - initializer - initializer.py - initialize - 130  - Initialization successful for Email Id : crm+bmke@roam.africa in Environment : https://www.zohoapis.com.
2021-05-04 10:47:06,482 - SDKLogger - INFO - api_http_connector - api_http_connector.py - fire_request - 100  - POST - URL = https://www.zohoapis.com/crm/bulk/v2/read , HEADERS = {"Authorization": " ## can't disclose ## ", "X-ZOHO-SDK": "Linux/5.4.0-72-generic python/3.6.12:3.0.0", "Content-Type": "application/json"} , PARAMS = {}.
2021-05-04 11:08:08,703 - SDKLogger - INFO - initializer - initializer.py - initialize - 130  - Initialization successful for Email Id : crm+bmke@roam.africa in Environment : https://www.zohoapis.com.
2021-05-04 11:08:08,704 - SDKLogger - INFO - api_http_connector - api_http_connector.py - fire_request - 100  - POST - URL = https://www.zohoapis.com/crm/bulk/v2/read , HEADERS = {"Authorization": " ## can't disclose ## ", "X-ZOHO-SDK": "Linux/5.4.0-72-generic python/3.6.12:3.0.0", "Content-Type": "application/json"} , PARAMS = {}.
2021-05-04 11:16:29,072 - SDKLogger - INFO - initializer - initializer.py - initialize - 130  - Initialization successful for Email Id : crm+bmke@roam.africa in Environment : https://www.zohoapis.com.
2021-05-04 11:16:29,073 - SDKLogger - INFO - api_http_connector - api_http_connector.py - fire_request - 100  - POST - URL = https://www.zohoapis.com/crm/bulk/v2/read , HEADERS = {"Authorization": " ## can't disclose ## ", "X-ZOHO-SDK": "Linux/5.4.0-72-generic python/3.6.12:3.0.0", "Content-Type": "application/json"} , PARAMS = {}.
2021-05-04 12:03:27,748 - SDKLogger - INFO - initializer - initializer.py - initialize - 130  - Initialization successful for Email Id : crm+bmke@roam.africa in Environment : https://www.zohoapis.com.
2021-05-04 12:03:28,864 - SDKLogger - INFO - api_http_connector - api_http_connector.py - fire_request - 100  - POST - URL = https://www.zohoapis.com/crm/bulk/v2/read , HEADERS = {"Authorization": " ## can't disclose ## ", "X-ZOHO-SDK": "Linux/5.4.0-72-generic python/3.6.12:3.0.0", "Content-Type": "application/json"} , PARAMS = {}.
2021-05-04 12:03:37,903 - SDKLogger - INFO - initializer - initializer.py - initialize - 130  - Initialization successful for Email Id : crm+bmke@roam.africa in Environment : https://www.zohoapis.com.
2021-05-04 12:03:37,904 - SDKLogger - INFO - api_http_connector - api_http_connector.py - fire_request - 100  - POST - URL = https://www.zohoapis.com/crm/bulk/v2/read , HEADERS = {"Authorization": " ## can't disclose ## ", "X-ZOHO-SDK": "Linux/5.4.0-72-generic python/3.6.12:3.0.0", "Content-Type": "application/json"} , PARAMS = {}.
2021-05-04 12:05:57,515 - SDKLogger - INFO - initializer - initializer.py - initialize - 130  - Initialization successful for Email Id : crm+bmke@roam.africa in Environment : https://www.zohoapis.com.
2021-05-04 12:08:26,113 - SDKLogger - INFO - initializer - initializer.py - initialize - 130  - Initialization successful for Email Id : crm+bmke@roam.africa in Environment : https://www.zohoapis.com.
2021-05-04 12:09:04,183 - SDKLogger - INFO - initializer - initializer.py - initialize - 130  - Initialization successful for Email Id : crm+bmke@roam.africa in Environment : https://www.zohoapis.com.
2021-05-04 12:11:51,542 - SDKLogger - INFO - initializer - initializer.py - initialize - 130  - Initialization successful for Email Id : crm+bmke@roam.africa in Environment : https://www.zohoapis.com.
2021-05-04 12:11:51,543 - SDKLogger - INFO - api_http_connector - api_http_connector.py - fire_request - 100  - GET - URL = https://www.zohoapis.com/crm/bulk/v2/read/3266912000103164047/result , HEADERS = {"Authorization": " ## can't disclose ## ", "X-ZOHO-SDK": "Linux/5.4.0-72-generic python/3.6.12:3.0.0"} , PARAMS = {}.
2021-05-04 12:14:40,304 - SDKLogger - INFO - initializer - initializer.py - initialize - 130  - Initialization successful for Email Id : crm+bmke@roam.africa in Environment : https://www.zohoapis.com.
2021-05-04 12:14:40,310 - SDKLogger - INFO - api_http_connector - api_http_connector.py - fire_request - 100  - GET - URL = https://www.zohoapis.com/crm/bulk/v2/read/3266912000103164047/result , HEADERS = {"Authorization": " ## can't disclose ## ", "X-ZOHO-SDK": "Linux/5.4.0-72-generic python/3.6.12:3.0.0"} , PARAMS = {}.
2021-05-04 12:14:48,290 - SDKLogger - INFO - initializer - initializer.py - initialize - 130  - Initialization successful for Email Id : crm+bmke@roam.africa in Environment : https://www.zohoapis.com.
2021-05-04 12:14:48,290 - SDKLogger - INFO - initializer - initializer.py - initialize - 130  - Initialization successful for Email Id : crm+bmke@roam.africa in Environment : https://www.zohoapis.com.
2021-05-04 12:33:01,341 - SDKLogger - INFO - initializer - initializer.py - initialize - 130  - Initialization successful for Email Id : crm+bmke@roam.africa in Environment : https://www.zohoapis.com.
2021-05-04 12:33:01,346 - SDKLogger - INFO - api_http_connector - api_http_connector.py - fire_request - 100  - GET - URL = https://www.zohoapis.com/crm/bulk/v2/read/3266912000103164047/result , HEADERS = {"Authorization": " ## can't disclose ## ", "X-ZOHO-SDK": "Linux/5.4.0-72-generic python/3.6.12:3.0.0"} , PARAMS = {}.
2021-05-04 12:33:07,822 - SDKLogger - INFO - initializer - initializer.py - initialize - 130  - Initialization successful for Email Id : crm+bmke@roam.africa in Environment : https://www.zohoapis.com.
2021-05-04 12:33:07,822 - SDKLogger - INFO - initializer - initializer.py - initialize - 130  - Initialization successful for Email Id : crm+bmke@roam.africa in Environment : https://www.zohoapis.com.
2021-05-04 12:33:07,824 - SDKLogger - INFO - api_http_connector - api_http_connector.py - fire_request - 100  - POST - URL = https://www.zohoapis.com/crm/bulk/v2/read , HEADERS = {"Authorization": " ## can't disclose ## ", "X-ZOHO-SDK": "Linux/5.4.0-72-generic python/3.6.12:3.0.0", "Content-Type": "application/json"} , PARAMS = {}.
2021-05-04 12:33:07,824 - SDKLogger - INFO - api_http_connector - api_http_connector.py - fire_request - 100  - POST - URL = https://www.zohoapis.com/crm/bulk/v2/read , HEADERS = {"Authorization": " ## can't disclose ## ", "X-ZOHO-SDK": "Linux/5.4.0-72-generic python/3.6.12:3.0.0", "Content-Type": "application/json"} , PARAMS = {}.
2021-05-04 12:33:47,642 - SDKLogger - INFO - initializer - initializer.py - initialize - 130  - Initialization successful for Email Id : crm+bmke@roam.africa in Environment : https://www.zohoapis.com.
2021-05-04 12:33:47,648 - SDKLogger - INFO - api_http_connector - api_http_connector.py - fire_request - 100  - GET - URL = https://www.zohoapis.com/crm/bulk/v2/read/3266912000103164047/result , HEADERS = {"Authorization": " ## can't disclose ## ", "X-ZOHO-SDK": "Linux/5.4.0-72-generic python/3.6.12:3.0.0"} , PARAMS = {}.
2021-05-04 12:34:00,490 - SDKLogger - INFO - initializer - initializer.py - initialize - 130  - Initialization successful for Email Id : crm+bmke@roam.africa in Environment : https://www.zohoapis.com.
2021-05-04 12:34:00,490 - SDKLogger - INFO - initializer - initializer.py - initialize - 130  - Initialization successful for Email Id : crm+bmke@roam.africa in Environment : https://www.zohoapis.com.
2021-05-04 12:34:00,492 - SDKLogger - INFO - api_http_connector - api_http_connector.py - fire_request - 100  - POST - URL = https://www.zohoapis.com/crm/bulk/v2/read , HEADERS = {"Authorization": " ## can't disclose ## ", "X-ZOHO-SDK": "Linux/5.4.0-72-generic python/3.6.12:3.0.0", "Content-Type": "application/json"} , PARAMS = {}.
2021-05-04 12:34:00,492 - SDKLogger - INFO - api_http_connector - api_http_connector.py - fire_request - 100  - POST - URL = https://www.zohoapis.com/crm/bulk/v2/read , HEADERS = {"Authorization": " ## can't disclose ## ", "X-ZOHO-SDK": "Linux/5.4.0-72-generic python/3.6.12:3.0.0", "Content-Type": "application/json"} , PARAMS = {}.
2021-05-04 12:34:33,755 - SDKLogger - INFO - initializer - initializer.py - initialize - 130  - Initialization successful for Email Id : crm+bmke@roam.africa in Environment : https://www.zohoapis.com.
2021-05-04 12:34:33,761 - SDKLogger - INFO - api_http_connector - api_http_connector.py - fire_request - 100  - GET - URL = https://www.zohoapis.com/crm/bulk/v2/read/3266912000103164047/result , HEADERS = {"Authorization": " ## can't disclose ## ", "X-ZOHO-SDK": "Linux/5.4.0-72-generic python/3.6.12:3.0.0"} , PARAMS = {}.
2021-05-04 12:34:45,301 - SDKLogger - INFO - initializer - initializer.py - initialize - 130  - Initialization successful for Email Id : crm+bmke@roam.africa in Environment : https://www.zohoapis.com.
2021-05-04 12:34:45,301 - SDKLogger - INFO - initializer - initializer.py - initialize - 130  - Initialization successful for Email Id : crm+bmke@roam.africa in Environment : https://www.zohoapis.com.
2021-05-04 12:34:45,303 - SDKLogger - INFO - api_http_connector - api_http_connector.py - fire_request - 100  - POST - URL = https://www.zohoapis.com/crm/bulk/v2/read , HEADERS = {"Authorization": " ## can't disclose ## ", "X-ZOHO-SDK": "Linux/5.4.0-72-generic python/3.6.12:3.0.0", "Content-Type": "application/json"} , PARAMS = {}.
2021-05-04 12:34:45,303 - SDKLogger - INFO - api_http_connector - api_http_connector.py - fire_request - 100  - POST - URL = https://www.zohoapis.com/crm/bulk/v2/read , HEADERS = {"Authorization": " ## can't disclose ## ", "X-ZOHO-SDK": "Linux/5.4.0-72-generic python/3.6.12:3.0.0", "Content-Type": "application/json"} , PARAMS = {}.
2021-05-04 12:41:46,814 - SDKLogger - INFO - initializer - initializer.py - initialize - 130  - Initialization successful for Email Id : crm+bmke@roam.africa in Environment : https://www.zohoapis.com.
2021-05-04 12:41:46,820 - SDKLogger - INFO - api_http_connector - api_http_connector.py - fire_request - 100  - GET - URL = https://www.zohoapis.com/crm/bulk/v2/read/3266912000103164047/result , HEADERS = {"Authorization": " ## can't disclose ## ", "X-ZOHO-SDK": "Linux/5.4.0-72-generic python/3.6.12:3.0.0"} , PARAMS = {}.
2021-05-04 12:41:56,091 - SDKLogger - INFO - initializer - initializer.py - initialize - 130  - Initialization successful for Email Id : crm+bmke@roam.africa in Environment : https://www.zohoapis.com.
2021-05-04 12:41:56,091 - SDKLogger - INFO - initializer - initializer.py - initialize - 130  - Initialization successful for Email Id : crm+bmke@roam.africa in Environment : https://www.zohoapis.com.
2021-05-04 12:41:56,092 - SDKLogger - INFO - api_http_connector - api_http_connector.py - fire_request - 100  - POST - URL = https://www.zohoapis.com/crm/bulk/v2/read , HEADERS = {"Authorization": " ## can't disclose ## ", "X-ZOHO-SDK": "Linux/5.4.0-72-generic python/3.6.12:3.0.0", "Content-Type": "application/json"} , PARAMS = {}.
2021-05-04 12:41:56,092 - SDKLogger - INFO - api_http_connector - api_http_connector.py - fire_request - 100  - POST - URL = https://www.zohoapis.com/crm/bulk/v2/read , HEADERS = {"Authorization": " ## can't disclose ## ", "X-ZOHO-SDK": "Linux/5.4.0-72-generic python/3.6.12:3.0.0", "Content-Type": "application/json"} , PARAMS = {}.
2021-05-04 12:42:19,046 - SDKLogger - INFO - initializer - initializer.py - initialize - 130  - Initialization successful for Email Id : crm+bmke@roam.africa in Environment : https://www.zohoapis.com.
2021-05-04 12:42:19,051 - SDKLogger - INFO - api_http_connector - api_http_connector.py - fire_request - 100  - GET - URL = https://www.zohoapis.com/crm/bulk/v2/read/3266912000103164047/result , HEADERS = {"Authorization": " ## can't disclose ## ", "X-ZOHO-SDK": "Linux/5.4.0-72-generic python/3.6.12:3.0.0"} , PARAMS = {}.
2021-05-04 12:42:27,906 - SDKLogger - INFO - initializer - initializer.py - initialize - 130  - Initialization successful for Email Id : crm+bmke@roam.africa in Environment : https://www.zohoapis.com.
2021-05-04 12:42:27,906 - SDKLogger - INFO - initializer - initializer.py - initialize - 130  - Initialization successful for Email Id : crm+bmke@roam.africa in Environment : https://www.zohoapis.com.
2021-05-04 12:42:27,908 - SDKLogger - INFO - api_http_connector - api_http_connector.py - fire_request - 100  - POST - URL = https://www.zohoapis.com/crm/bulk/v2/read , HEADERS = {"Authorization": " ## can't disclose ## ", "X-ZOHO-SDK": "Linux/5.4.0-72-generic python/3.6.12:3.0.0", "Content-Type": "application/json"} , PARAMS = {}.
2021-05-04 12:42:27,908 - SDKLogger - INFO - api_http_connector - api_http_connector.py - fire_request - 100  - POST - URL = https://www.zohoapis.com/crm/bulk/v2/read , HEADERS = {"Authorization": " ## can't disclose ## ", "X-ZOHO-SDK": "Linux/5.4.0-72-generic python/3.6.12:3.0.0", "Content-Type": "application/json"} , PARAMS = {}.
2021-05-04 12:43:25,996 - SDKLogger - INFO - initializer - initializer.py - initialize - 130  - Initialization successful for Email Id : crm+bmke@roam.africa in Environment : https://www.zohoapis.com.
2021-05-04 12:43:26,002 - SDKLogger - INFO - api_http_connector - api_http_connector.py - fire_request - 100  - GET - URL = https://www.zohoapis.com/crm/bulk/v2/read/3266912000103013096/result , HEADERS = {"Authorization": " ## can't disclose ## ", "X-ZOHO-SDK": "Linux/5.4.0-72-generic python/3.6.12:3.0.0"} , PARAMS = {}.
2021-05-04 12:44:08,659 - SDKLogger - INFO - initializer - initializer.py - initialize - 130  - Initialization successful for Email Id : crm+bmke@roam.africa in Environment : https://www.zohoapis.com.
2021-05-04 12:44:08,659 - SDKLogger - INFO - initializer - initializer.py - initialize - 130  - Initialization successful for Email Id : crm+bmke@roam.africa in Environment : https://www.zohoapis.com.
2021-05-04 12:53:34,420 - SDKLogger - INFO - initializer - initializer.py - initialize - 130  - Initialization successful for Email Id : crm+bmke@roam.africa in Environment : https://www.zohoapis.com.
2021-05-04 12:53:34,426 - SDKLogger - INFO - api_http_connector - api_http_connector.py - fire_request - 100  - GET - URL = https://www.zohoapis.com/crm/bulk/v2/read/3266912000103013096/result , HEADERS = {"Authorization": " ## can't disclose ## ", "X-ZOHO-SDK": "Linux/5.4.0-72-generic python/3.6.12:3.0.0"} , PARAMS = {}.
2021-05-04 12:54:00,038 - SDKLogger - INFO - initializer - initializer.py - initialize - 130  - Initialization successful for Email Id : crm+bmke@roam.africa in Environment : https://www.zohoapis.com.
2021-05-04 12:54:00,038 - SDKLogger - INFO - initializer - initializer.py - initialize - 130  - Initialization successful for Email Id : crm+bmke@roam.africa in Environment : https://www.zohoapis.com.
2021-05-04 12:54:00,040 - SDKLogger - INFO - api_http_connector - api_http_connector.py - fire_request - 100  - POST - URL = https://www.zohoapis.com/crm/bulk/v2/read , HEADERS = {"Authorization": " ## can't disclose ## ", "X-ZOHO-SDK": "Linux/5.4.0-72-generic python/3.6.12:3.0.0", "Content-Type": "application/json"} , PARAMS = {}.
2021-05-04 12:54:00,040 - SDKLogger - INFO - api_http_connector - api_http_connector.py - fire_request - 100  - POST - URL = https://www.zohoapis.com/crm/bulk/v2/read , HEADERS = {"Authorization": " ## can't disclose ## ", "X-ZOHO-SDK": "Linux/5.4.0-72-generic python/3.6.12:3.0.0", "Content-Type": "application/json"} , PARAMS = {}.
2021-05-04 12:54:30,794 - SDKLogger - INFO - initializer - initializer.py - initialize - 130  - Initialization successful for Email Id : crm+bmke@roam.africa in Environment : https://www.zohoapis.com.
2021-05-04 12:54:30,800 - SDKLogger - INFO - api_http_connector - api_http_connector.py - fire_request - 100  - GET - URL = https://www.zohoapis.com/crm/bulk/v2/read/3266912000103013096/result , HEADERS = {"Authorization": " ## can't disclose ## ", "X-ZOHO-SDK": "Linux/5.4.0-72-generic python/3.6.12:3.0.0"} , PARAMS = {}.
2021-05-04 12:55:00,633 - SDKLogger - INFO - initializer - initializer.py - initialize - 130  - Initialization successful for Email Id : crm+bmke@roam.africa in Environment : https://www.zohoapis.com.
2021-05-04 12:55:00,633 - SDKLogger - INFO - initializer - initializer.py - initialize - 130  - Initialization successful for Email Id : crm+bmke@roam.africa in Environment : https://www.zohoapis.com.
2021-05-04 12:55:00,634 - SDKLogger - INFO - api_http_connector - api_http_connector.py - fire_request - 100  - POST - URL = https://www.zohoapis.com/crm/bulk/v2/read , HEADERS = {"Authorization": " ## can't disclose ## ", "X-ZOHO-SDK": "Linux/5.4.0-72-generic python/3.6.12:3.0.0", "Content-Type": "application/json"} , PARAMS = {}.
2021-05-04 12:55:00,634 - SDKLogger - INFO - api_http_connector - api_http_connector.py - fire_request - 100  - POST - URL = https://www.zohoapis.com/crm/bulk/v2/read , HEADERS = {"Authorization": " ## can't disclose ## ", "X-ZOHO-SDK": "Linux/5.4.0-72-generic python/3.6.12:3.0.0", "Content-Type": "application/json"} , PARAMS = {}.
2021-05-04 12:57:03,285 - SDKLogger - INFO - initializer - initializer.py - initialize - 130  - Initialization successful for Email Id : crm+bmke@roam.africa in Environment : https://www.zohoapis.com.
2021-05-04 12:57:03,291 - SDKLogger - INFO - api_http_connector - api_http_connector.py - fire_request - 100  - GET - URL = https://www.zohoapis.com/crm/bulk/v2/read/3266912000103013096/result , HEADERS = {"Authorization": " ## can't disclose ## ", "X-ZOHO-SDK": "Linux/5.4.0-72-generic python/3.6.12:3.0.0"} , PARAMS = {}.
2021-05-04 12:57:34,637 - SDKLogger - INFO - initializer - initializer.py - initialize - 130  - Initialization successful for Email Id : crm+bmke@roam.africa in Environment : https://www.zohoapis.com.
2021-05-04 12:57:34,637 - SDKLogger - INFO - initializer - initializer.py - initialize - 130  - Initialization successful for Email Id : crm+bmke@roam.africa in Environment : https://www.zohoapis.com.
2021-05-04 15:55:39,544 - SDKLogger - INFO - initializer - initializer.py - initialize - 130  - Initialization successful for Email Id : crm+bmke@roam.africa in Environment : https://www.zohoapis.com.
2021-05-04 15:55:39,544 - SDKLogger - INFO - oauth_token - oauth_token.py - authenticate - 114  - Access Token has expired. Hence refreshing.
2021-05-04 15:55:40,616 - SDKLogger - INFO - api_http_connector - api_http_connector.py - fire_request - 100  - GET - URL = https://www.zohoapis.com/crm/bulk/v2/read/3266912000103013096/result , HEADERS = {"Authorization": " ## can't disclose ## ", "X-ZOHO-SDK": "Linux/5.4.0-72-generic python/3.6.12:3.0.0"} , PARAMS = {}.
2021-05-04 15:56:01,963 - SDKLogger - INFO - initializer - initializer.py - initialize - 130  - Initialization successful for Email Id : crm+bmke@roam.africa in Environment : https://www.zohoapis.com.
2021-05-04 15:56:01,963 - SDKLogger - INFO - initializer - initializer.py - initialize - 130  - Initialization successful for Email Id : crm+bmke@roam.africa in Environment : https://www.zohoapis.com.
2021-05-04 15:56:01,965 - SDKLogger - INFO - api_http_connector - api_http_connector.py - fire_request - 100  - POST - URL = https://www.zohoapis.com/crm/bulk/v2/read , HEADERS = {"Authorization": " ## can't disclose ## ", "X-ZOHO-SDK": "Linux/5.4.0-72-generic python/3.6.12:3.0.0", "Content-Type": "application/json"} , PARAMS = {}.
2021-05-04 15:56:01,965 - SDKLogger - INFO - api_http_connector - api_http_connector.py - fire_request - 100  - POST - URL = https://www.zohoapis.com/crm/bulk/v2/read , HEADERS = {"Authorization": " ## can't disclose ## ", "X-ZOHO-SDK": "Linux/5.4.0-72-generic python/3.6.12:3.0.0", "Content-Type": "application/json"} , PARAMS = {}.
2021-05-04 16:21:42,907 - SDKLogger - INFO - initializer - initializer.py - initialize - 130  - Initialization successful for Email Id : crm+bmke@roam.africa in Environment : https://www.zohoapis.com.
2021-05-04 16:21:58,039 - SDKLogger - INFO - api_http_connector - api_http_connector.py - fire_request - 100  - GET - URL = https://www.zohoapis.com/crm/v2/settings/custom_views , HEADERS = {"Authorization": " ## can't disclose ## ", "X-ZOHO-SDK": "Linux/5.4.0-72-generic python/3.6.12:3.0.0"} , PARAMS = {"module": "Leads", "page": "1", "per_page": "20"}.
2021-05-04 16:32:49,924 - SDKLogger - INFO - initializer - initializer.py - initialize - 130  - Initialization successful for Email Id : crm+bmke@roam.africa in Environment : https://www.zohoapis.com.
2021-05-04 16:32:49,929 - SDKLogger - INFO - api_http_connector - api_http_connector.py - fire_request - 100  - GET - URL = https://www.zohoapis.com/crm/bulk/v2/read/3266912000103013096/result , HEADERS = {"Authorization": " ## can't disclose ## ", "X-ZOHO-SDK": "Linux/5.4.0-72-generic python/3.6.12:3.0.0"} , PARAMS = {}.
2021-05-04 16:33:09,348 - SDKLogger - INFO - initializer - initializer.py - initialize - 130  - Initialization successful for Email Id : crm+bmke@roam.africa in Environment : https://www.zohoapis.com.
2021-05-04 16:33:09,348 - SDKLogger - INFO - initializer - initializer.py - initialize - 130  - Initialization successful for Email Id : crm+bmke@roam.africa in Environment : https://www.zohoapis.com.
2021-05-04 16:33:09,351 - SDKLogger - INFO - initializer - initializer.py - initialize - 130  - Initialization successful for Email Id : crm+bmke@roam.africa in Environment : https://www.zohoapis.com.
2021-05-04 16:33:09,351 - SDKLogger - INFO - initializer - initializer.py - initialize - 130  - Initialization successful for Email Id : crm+bmke@roam.africa in Environment : https://www.zohoapis.com.
2021-05-04 16:33:09,351 - SDKLogger - INFO - initializer - initializer.py - initialize - 130  - Initialization successful for Email Id : crm+bmke@roam.africa in Environment : https://www.zohoapis.com.
2021-05-04 16:33:09,352 - SDKLogger - INFO - api_http_connector - api_http_connector.py - fire_request - 100  - GET - URL = https://www.zohoapis.com/crm/v2/settings/custom_views , HEADERS = {"Authorization": " ## can't disclose ## ", "X-ZOHO-SDK": "Linux/5.4.0-72-generic python/3.6.12:3.0.0"} , PARAMS = {"module": "Leads", "page": "1", "per_page": "20"}.
2021-05-04 16:33:09,352 - SDKLogger - INFO - api_http_connector - api_http_connector.py - fire_request - 100  - GET - URL = https://www.zohoapis.com/crm/v2/settings/custom_views , HEADERS = {"Authorization": " ## can't disclose ## ", "X-ZOHO-SDK": "Linux/5.4.0-72-generic python/3.6.12:3.0.0"} , PARAMS = {"module": "Leads", "page": "1", "per_page": "20"}.
2021-05-04 16:33:09,352 - SDKLogger - INFO - api_http_connector - api_http_connector.py - fire_request - 100  - GET - URL = https://www.zohoapis.com/crm/v2/settings/custom_views , HEADERS = {"Authorization": " ## can't disclose ## ", "X-ZOHO-SDK": "Linux/5.4.0-72-generic python/3.6.12:3.0.0"} , PARAMS = {"module": "Leads", "page": "1", "per_page": "20"}.
2021-05-04 16:35:56,614 - SDKLogger - INFO - initializer - initializer.py - initialize - 130  - Initialization successful for Email Id : crm+bmke@roam.africa in Environment : https://www.zohoapis.com.
2021-05-04 16:35:56,619 - SDKLogger - INFO - api_http_connector - api_http_connector.py - fire_request - 100  - GET - URL = https://www.zohoapis.com/crm/bulk/v2/read/3266912000000089005/result , HEADERS = {"Authorization": " ## can't disclose ## ", "X-ZOHO-SDK": "Linux/5.4.0-72-generic python/3.6.12:3.0.0"} , PARAMS = {}.
2021-05-04 16:35:57,985 - SDKLogger - INFO - initializer - initializer.py - initialize - 130  - Initialization successful for Email Id : crm+bmke@roam.africa in Environment : https://www.zohoapis.com.
2021-05-04 16:35:57,985 - SDKLogger - INFO - initializer - initializer.py - initialize - 130  - Initialization successful for Email Id : crm+bmke@roam.africa in Environment : https://www.zohoapis.com.
2021-05-04 16:38:54,872 - SDKLogger - INFO - initializer - initializer.py - initialize - 130  - Initialization successful for Email Id : crm+bmke@roam.africa in Environment : https://www.zohoapis.com.
2021-05-04 16:38:54,878 - SDKLogger - INFO - api_http_connector - api_http_connector.py - fire_request - 100  - GET - URL = https://www.zohoapis.com/crm/bulk/v2/read/3266912000000089005/result , HEADERS = {"Authorization": " ## can't disclose ## ", "X-ZOHO-SDK": "Linux/5.4.0-72-generic python/3.6.12:3.0.0"} , PARAMS = {}.
2021-05-04 16:38:56,174 - SDKLogger - INFO - initializer - initializer.py - initialize - 130  - Initialization successful for Email Id : crm+bmke@roam.africa in Environment : https://www.zohoapis.com.
2021-05-04 16:38:56,174 - SDKLogger - INFO - initializer - initializer.py - initialize - 130  - Initialization successful for Email Id : crm+bmke@roam.africa in Environment : https://www.zohoapis.com.
2021-05-04 16:38:56,177 - SDKLogger - INFO - initializer - initializer.py - initialize - 130  - Initialization successful for Email Id : crm+bmke@roam.africa in Environment : https://www.zohoapis.com.
2021-05-04 16:38:56,177 - SDKLogger - INFO - initializer - initializer.py - initialize - 130  - Initialization successful for Email Id : crm+bmke@roam.africa in Environment : https://www.zohoapis.com.
2021-05-04 16:38:56,177 - SDKLogger - INFO - initializer - initializer.py - initialize - 130  - Initialization successful for Email Id : crm+bmke@roam.africa in Environment : https://www.zohoapis.com.
2021-05-04 16:38:56,178 - SDKLogger - INFO - api_http_connector - api_http_connector.py - fire_request - 100  - GET - URL = https://www.zohoapis.com/crm/v2/settings/custom_views/3266912000000089005 , HEADERS = {"Authorization": " ## can't disclose ## ", "X-ZOHO-SDK": "Linux/5.4.0-72-generic python/3.6.12:3.0.0"} , PARAMS = {"module": "Leads"}.
2021-05-04 16:38:56,178 - SDKLogger - INFO - api_http_connector - api_http_connector.py - fire_request - 100  - GET - URL = https://www.zohoapis.com/crm/v2/settings/custom_views/3266912000000089005 , HEADERS = {"Authorization": " ## can't disclose ## ", "X-ZOHO-SDK": "Linux/5.4.0-72-generic python/3.6.12:3.0.0"} , PARAMS = {"module": "Leads"}.
2021-05-04 16:38:56,178 - SDKLogger - INFO - api_http_connector - api_http_connector.py - fire_request - 100  - GET - URL = https://www.zohoapis.com/crm/v2/settings/custom_views/3266912000000089005 , HEADERS = {"Authorization": " ## can't disclose ## ", "X-ZOHO-SDK": "Linux/5.4.0-72-generic python/3.6.12:3.0.0"} , PARAMS = {"module": "Leads"}.
2021-05-04 16:41:32,071 - SDKLogger - INFO - initializer - initializer.py - initialize - 130  - Initialization successful for Email Id : crm+bmke@roam.africa in Environment : https://www.zohoapis.com.
2021-05-04 16:41:32,076 - SDKLogger - INFO - api_http_connector - api_http_connector.py - fire_request - 100  - GET - URL = https://www.zohoapis.com/crm/bulk/v2/read/3266912000000089005/result , HEADERS = {"Authorization": " ## can't disclose ## ", "X-ZOHO-SDK": "Linux/5.4.0-72-generic python/3.6.12:3.0.0"} , PARAMS = {}.
2021-05-04 16:41:33,360 - SDKLogger - INFO - initializer - initializer.py - initialize - 130  - Initialization successful for Email Id : crm+bmke@roam.africa in Environment : https://www.zohoapis.com.
2021-05-04 16:41:33,360 - SDKLogger - INFO - initializer - initializer.py - initialize - 130  - Initialization successful for Email Id : crm+bmke@roam.africa in Environment : https://www.zohoapis.com.
2021-05-04 16:41:33,363 - SDKLogger - INFO - initializer - initializer.py - initialize - 130  - Initialization successful for Email Id : crm+bmke@roam.africa in Environment : https://www.zohoapis.com.
2021-05-04 16:41:33,363 - SDKLogger - INFO - initializer - initializer.py - initialize - 130  - Initialization successful for Email Id : crm+bmke@roam.africa in Environment : https://www.zohoapis.com.
2021-05-04 16:41:33,363 - SDKLogger - INFO - initializer - initializer.py - initialize - 130  - Initialization successful for Email Id : crm+bmke@roam.africa in Environment : https://www.zohoapis.com.
2021-05-04 16:41:33,364 - SDKLogger - INFO - api_http_connector - api_http_connector.py - fire_request - 100  - GET - URL = https://www.zohoapis.com/crm/v2/settings/custom_views , HEADERS = {"Authorization": " ## can't disclose ## ", "X-ZOHO-SDK": "Linux/5.4.0-72-generic python/3.6.12:3.0.0"} , PARAMS = {"module": "Leads", "page": "1", "per_page": "20"}.
2021-05-04 16:41:33,364 - SDKLogger - INFO - api_http_connector - api_http_connector.py - fire_request - 100  - GET - URL = https://www.zohoapis.com/crm/v2/settings/custom_views , HEADERS = {"Authorization": " ## can't disclose ## ", "X-ZOHO-SDK": "Linux/5.4.0-72-generic python/3.6.12:3.0.0"} , PARAMS = {"module": "Leads", "page": "1", "per_page": "20"}.
2021-05-04 16:41:33,364 - SDKLogger - INFO - api_http_connector - api_http_connector.py - fire_request - 100  - GET - URL = https://www.zohoapis.com/crm/v2/settings/custom_views , HEADERS = {"Authorization": " ## can't disclose ## ", "X-ZOHO-SDK": "Linux/5.4.0-72-generic python/3.6.12:3.0.0"} , PARAMS = {"module": "Leads", "page": "1", "per_page": "20"}.
2021-05-04 16:42:33,733 - SDKLogger - INFO - initializer - initializer.py - initialize - 130  - Initialization successful for Email Id : crm+bmke@roam.africa in Environment : https://www.zohoapis.com.
2021-05-04 16:42:33,738 - SDKLogger - INFO - api_http_connector - api_http_connector.py - fire_request - 100  - GET - URL = https://www.zohoapis.com/crm/bulk/v2/read/3266912000000089005/result , HEADERS = {"Authorization": " ## can't disclose ## ", "X-ZOHO-SDK": "Linux/5.4.0-72-generic python/3.6.12:3.0.0"} , PARAMS = {}.
2021-05-04 16:42:35,020 - SDKLogger - INFO - initializer - initializer.py - initialize - 130  - Initialization successful for Email Id : crm+bmke@roam.africa in Environment : https://www.zohoapis.com.
2021-05-04 16:42:35,020 - SDKLogger - INFO - initializer - initializer.py - initialize - 130  - Initialization successful for Email Id : crm+bmke@roam.africa in Environment : https://www.zohoapis.com.
2021-05-04 16:42:35,022 - SDKLogger - INFO - initializer - initializer.py - initialize - 130  - Initialization successful for Email Id : crm+bmke@roam.africa in Environment : https://www.zohoapis.com.
2021-05-04 16:42:35,022 - SDKLogger - INFO - initializer - initializer.py - initialize - 130  - Initialization successful for Email Id : crm+bmke@roam.africa in Environment : https://www.zohoapis.com.
2021-05-04 16:42:35,022 - SDKLogger - INFO - initializer - initializer.py - initialize - 130  - Initialization successful for Email Id : crm+bmke@roam.africa in Environment : https://www.zohoapis.com.
2021-05-04 16:42:35,024 - SDKLogger - INFO - api_http_connector - api_http_connector.py - fire_request - 100  - GET - URL = https://www.zohoapis.com/crm/v2/settings/custom_views , HEADERS = {"Authorization": " ## can't disclose ## ", "X-ZOHO-SDK": "Linux/5.4.0-72-generic python/3.6.12:3.0.0"} , PARAMS = {"module": "Leads", "page": "1", "per_page": "20"}.
2021-05-04 16:42:35,024 - SDKLogger - INFO - api_http_connector - api_http_connector.py - fire_request - 100  - GET - URL = https://www.zohoapis.com/crm/v2/settings/custom_views , HEADERS = {"Authorization": " ## can't disclose ## ", "X-ZOHO-SDK": "Linux/5.4.0-72-generic python/3.6.12:3.0.0"} , PARAMS = {"module": "Leads", "page": "1", "per_page": "20"}.
2021-05-04 16:42:35,024 - SDKLogger - INFO - api_http_connector - api_http_connector.py - fire_request - 100  - GET - URL = https://www.zohoapis.com/crm/v2/settings/custom_views , HEADERS = {"Authorization": " ## can't disclose ## ", "X-ZOHO-SDK": "Linux/5.4.0-72-generic python/3.6.12:3.0.0"} , PARAMS = {"module": "Leads", "page": "1", "per_page": "20"}.
2021-05-04 16:46:32,555 - SDKLogger - INFO - initializer - initializer.py - initialize - 130  - Initialization successful for Email Id : crm+bmke@roam.africa in Environment : https://www.zohoapis.com.
2021-05-04 16:46:32,561 - SDKLogger - INFO - api_http_connector - api_http_connector.py - fire_request - 100  - GET - URL = https://www.zohoapis.com/crm/bulk/v2/read/3266912000000089005/result , HEADERS = {"Authorization": " ## can't disclose ## ", "X-ZOHO-SDK": "Linux/5.4.0-72-generic python/3.6.12:3.0.0"} , PARAMS = {}.
2021-05-04 16:46:33,918 - SDKLogger - INFO - initializer - initializer.py - initialize - 130  - Initialization successful for Email Id : crm+bmke@roam.africa in Environment : https://www.zohoapis.com.
2021-05-04 16:46:33,918 - SDKLogger - INFO - initializer - initializer.py - initialize - 130  - Initialization successful for Email Id : crm+bmke@roam.africa in Environment : https://www.zohoapis.com.
2021-05-04 16:46:33,921 - SDKLogger - INFO - initializer - initializer.py - initialize - 130  - Initialization successful for Email Id : crm+bmke@roam.africa in Environment : https://www.zohoapis.com.
2021-05-04 16:46:33,921 - SDKLogger - INFO - initializer - initializer.py - initialize - 130  - Initialization successful for Email Id : crm+bmke@roam.africa in Environment : https://www.zohoapis.com.
2021-05-04 16:46:33,921 - SDKLogger - INFO - initializer - initializer.py - initialize - 130  - Initialization successful for Email Id : crm+bmke@roam.africa in Environment : https://www.zohoapis.com.
2021-05-04 16:46:33,922 - SDKLogger - INFO - api_http_connector - api_http_connector.py - fire_request - 100  - GET - URL = https://www.zohoapis.com/crm/v2/settings/custom_views/3266912000091631532 , HEADERS = {"Authorization": " ## can't disclose ## ", "X-ZOHO-SDK": "Linux/5.4.0-72-generic python/3.6.12:3.0.0"} , PARAMS = {"module": "Leads"}.
2021-05-04 16:46:33,922 - SDKLogger - INFO - api_http_connector - api_http_connector.py - fire_request - 100  - GET - URL = https://www.zohoapis.com/crm/v2/settings/custom_views/3266912000091631532 , HEADERS = {"Authorization": " ## can't disclose ## ", "X-ZOHO-SDK": "Linux/5.4.0-72-generic python/3.6.12:3.0.0"} , PARAMS = {"module": "Leads"}.
2021-05-04 16:46:33,922 - SDKLogger - INFO - api_http_connector - api_http_connector.py - fire_request - 100  - GET - URL = https://www.zohoapis.com/crm/v2/settings/custom_views/3266912000091631532 , HEADERS = {"Authorization": " ## can't disclose ## ", "X-ZOHO-SDK": "Linux/5.4.0-72-generic python/3.6.12:3.0.0"} , PARAMS = {"module": "Leads"}.
2021-05-04 16:46:56,916 - SDKLogger - INFO - initializer - initializer.py - initialize - 130  - Initialization successful for Email Id : crm+bmke@roam.africa in Environment : https://www.zohoapis.com.
2021-05-04 16:46:56,921 - SDKLogger - INFO - api_http_connector - api_http_connector.py - fire_request - 100  - GET - URL = https://www.zohoapis.com/crm/bulk/v2/read/3266912000000089005/result , HEADERS = {"Authorization": " ## can't disclose ## ", "X-ZOHO-SDK": "Linux/5.4.0-72-generic python/3.6.12:3.0.0"} , PARAMS = {}.
2021-05-04 16:46:58,185 - SDKLogger - INFO - initializer - initializer.py - initialize - 130  - Initialization successful for Email Id : crm+bmke@roam.africa in Environment : https://www.zohoapis.com.
2021-05-04 16:46:58,185 - SDKLogger - INFO - initializer - initializer.py - initialize - 130  - Initialization successful for Email Id : crm+bmke@roam.africa in Environment : https://www.zohoapis.com.
2021-05-04 16:46:58,188 - SDKLogger - INFO - initializer - initializer.py - initialize - 130  - Initialization successful for Email Id : crm+bmke@roam.africa in Environment : https://www.zohoapis.com.
2021-05-04 16:46:58,188 - SDKLogger - INFO - initializer - initializer.py - initialize - 130  - Initialization successful for Email Id : crm+bmke@roam.africa in Environment : https://www.zohoapis.com.
2021-05-04 16:46:58,188 - SDKLogger - INFO - initializer - initializer.py - initialize - 130  - Initialization successful for Email Id : crm+bmke@roam.africa in Environment : https://www.zohoapis.com.
2021-05-04 16:46:58,190 - SDKLogger - INFO - api_http_connector - api_http_connector.py - fire_request - 100  - GET - URL = https://www.zohoapis.com/crm/v2/settings/custom_views , HEADERS = {"Authorization": " ## can't disclose ## ", "X-ZOHO-SDK": "Linux/5.4.0-72-generic python/3.6.12:3.0.0"} , PARAMS = {"module": "Leads", "page": "1", "per_page": "20"}.
2021-05-04 16:46:58,190 - SDKLogger - INFO - api_http_connector - api_http_connector.py - fire_request - 100  - GET - URL = https://www.zohoapis.com/crm/v2/settings/custom_views , HEADERS = {"Authorization": " ## can't disclose ## ", "X-ZOHO-SDK": "Linux/5.4.0-72-generic python/3.6.12:3.0.0"} , PARAMS = {"module": "Leads", "page": "1", "per_page": "20"}.
2021-05-04 16:46:58,190 - SDKLogger - INFO - api_http_connector - api_http_connector.py - fire_request - 100  - GET - URL = https://www.zohoapis.com/crm/v2/settings/custom_views , HEADERS = {"Authorization": " ## can't disclose ## ", "X-ZOHO-SDK": "Linux/5.4.0-72-generic python/3.6.12:3.0.0"} , PARAMS = {"module": "Leads", "page": "1", "per_page": "20"}.
2021-05-04 16:47:54,549 - SDKLogger - INFO - initializer - initializer.py - initialize - 130  - Initialization successful for Email Id : crm+bmke@roam.africa in Environment : https://www.zohoapis.com.
2021-05-04 16:47:54,554 - SDKLogger - INFO - api_http_connector - api_http_connector.py - fire_request - 100  - GET - URL = https://www.zohoapis.com/crm/bulk/v2/read/3266912000000089005/result , HEADERS = {"Authorization": " ## can't disclose ## ", "X-ZOHO-SDK": "Linux/5.4.0-72-generic python/3.6.12:3.0.0"} , PARAMS = {}.
2021-05-04 16:47:55,936 - SDKLogger - INFO - initializer - initializer.py - initialize - 130  - Initialization successful for Email Id : crm+bmke@roam.africa in Environment : https://www.zohoapis.com.
2021-05-04 16:47:55,936 - SDKLogger - INFO - initializer - initializer.py - initialize - 130  - Initialization successful for Email Id : crm+bmke@roam.africa in Environment : https://www.zohoapis.com.
2021-05-04 16:47:55,939 - SDKLogger - INFO - initializer - initializer.py - initialize - 130  - Initialization successful for Email Id : crm+bmke@roam.africa in Environment : https://www.zohoapis.com.
2021-05-04 16:47:55,939 - SDKLogger - INFO - initializer - initializer.py - initialize - 130  - Initialization successful for Email Id : crm+bmke@roam.africa in Environment : https://www.zohoapis.com.
2021-05-04 16:47:55,939 - SDKLogger - INFO - initializer - initializer.py - initialize - 130  - Initialization successful for Email Id : crm+bmke@roam.africa in Environment : https://www.zohoapis.com.
2021-05-04 16:47:55,940 - SDKLogger - INFO - api_http_connector - api_http_connector.py - fire_request - 100  - GET - URL = https://www.zohoapis.com/crm/v2/settings/custom_views/3266912000000087501 , HEADERS = {"Authorization": " ## can't disclose ## ", "X-ZOHO-SDK": "Linux/5.4.0-72-generic python/3.6.12:3.0.0"} , PARAMS = {"module": "Leads"}.
2021-05-04 16:47:55,940 - SDKLogger - INFO - api_http_connector - api_http_connector.py - fire_request - 100  - GET - URL = https://www.zohoapis.com/crm/v2/settings/custom_views/3266912000000087501 , HEADERS = {"Authorization": " ## can't disclose ## ", "X-ZOHO-SDK": "Linux/5.4.0-72-generic python/3.6.12:3.0.0"} , PARAMS = {"module": "Leads"}.
2021-05-04 16:47:55,940 - SDKLogger - INFO - api_http_connector - api_http_connector.py - fire_request - 100  - GET - URL = https://www.zohoapis.com/crm/v2/settings/custom_views/3266912000000087501 , HEADERS = {"Authorization": " ## can't disclose ## ", "X-ZOHO-SDK": "Linux/5.4.0-72-generic python/3.6.12:3.0.0"} , PARAMS = {"module": "Leads"}.
2021-05-04 16:49:00,671 - SDKLogger - INFO - initializer - initializer.py - initialize - 130  - Initialization successful for Email Id : crm+bmke@roam.africa in Environment : https://www.zohoapis.com.
2021-05-04 16:49:00,677 - SDKLogger - INFO - api_http_connector - api_http_connector.py - fire_request - 100  - GET - URL = https://www.zohoapis.com/crm/bulk/v2/read/3266912000000089005/result , HEADERS = {"Authorization": " ## can't disclose ## ", "X-ZOHO-SDK": "Linux/5.4.0-72-generic python/3.6.12:3.0.0"} , PARAMS = {}.
2021-05-04 16:49:01,920 - SDKLogger - INFO - initializer - initializer.py - initialize - 130  - Initialization successful for Email Id : crm+bmke@roam.africa in Environment : https://www.zohoapis.com.
2021-05-04 16:49:01,920 - SDKLogger - INFO - initializer - initializer.py - initialize - 130  - Initialization successful for Email Id : crm+bmke@roam.africa in Environment : https://www.zohoapis.com.
2021-05-04 16:49:01,922 - SDKLogger - INFO - initializer - initializer.py - initialize - 130  - Initialization successful for Email Id : crm+bmke@roam.africa in Environment : https://www.zohoapis.com.
2021-05-04 16:49:01,922 - SDKLogger - INFO - initializer - initializer.py - initialize - 130  - Initialization successful for Email Id : crm+bmke@roam.africa in Environment : https://www.zohoapis.com.
2021-05-04 16:49:01,922 - SDKLogger - INFO - initializer - initializer.py - initialize - 130  - Initialization successful for Email Id : crm+bmke@roam.africa in Environment : https://www.zohoapis.com.
2021-05-04 16:49:02,949 - SDKLogger - INFO - common_api_handler - common_api_handler.py - api_call - 290  - Exception in authenticating current request : Caused By: INVALID CLIENT ERROR - invalid_code
2021-05-04 16:49:02,949 - SDKLogger - INFO - common_api_handler - common_api_handler.py - api_call - 290  - Exception in authenticating current request : Caused By: INVALID CLIENT ERROR - invalid_code
2021-05-04 16:49:02,949 - SDKLogger - INFO - common_api_handler - common_api_handler.py - api_call - 290  - Exception in authenticating current request : Caused By: INVALID CLIENT ERROR - invalid_code
2021-05-04 16:49:21,346 - SDKLogger - INFO - initializer - initializer.py - initialize - 130  - Initialization successful for Email Id : crm+bmke@roam.africa in Environment : https://www.zohoapis.com.
2021-05-04 16:49:21,352 - SDKLogger - INFO - api_http_connector - api_http_connector.py - fire_request - 100  - GET - URL = https://www.zohoapis.com/crm/bulk/v2/read/3266912000000089005/result , HEADERS = {"Authorization": " ## can't disclose ## ", "X-ZOHO-SDK": "Linux/5.4.0-72-generic python/3.6.12:3.0.0"} , PARAMS = {}.
2021-05-04 16:49:22,604 - SDKLogger - INFO - initializer - initializer.py - initialize - 130  - Initialization successful for Email Id : crm+bmke@roam.africa in Environment : https://www.zohoapis.com.
2021-05-04 16:49:22,604 - SDKLogger - INFO - initializer - initializer.py - initialize - 130  - Initialization successful for Email Id : crm+bmke@roam.africa in Environment : https://www.zohoapis.com.
2021-05-04 16:49:22,607 - SDKLogger - INFO - initializer - initializer.py - initialize - 130  - Initialization successful for Email Id : crm+bmke@roam.africa in Environment : https://www.zohoapis.com.
2021-05-04 16:49:22,607 - SDKLogger - INFO - initializer - initializer.py - initialize - 130  - Initialization successful for Email Id : crm+bmke@roam.africa in Environment : https://www.zohoapis.com.
2021-05-04 16:49:22,607 - SDKLogger - INFO - initializer - initializer.py - initialize - 130  - Initialization successful for Email Id : crm+bmke@roam.africa in Environment : https://www.zohoapis.com.
2021-05-04 16:49:22,608 - SDKLogger - INFO - api_http_connector - api_http_connector.py - fire_request - 100  - GET - URL = https://www.zohoapis.com/crm/v2/settings/custom_views/3266912000000087501 , HEADERS = {"Authorization": " ## can't disclose ## ", "X-ZOHO-SDK": "Linux/5.4.0-72-generic python/3.6.12:3.0.0"} , PARAMS = {"module": "Leads"}.
2021-05-04 16:49:22,608 - SDKLogger - INFO - api_http_connector - api_http_connector.py - fire_request - 100  - GET - URL = https://www.zohoapis.com/crm/v2/settings/custom_views/3266912000000087501 , HEADERS = {"Authorization": " ## can't disclose ## ", "X-ZOHO-SDK": "Linux/5.4.0-72-generic python/3.6.12:3.0.0"} , PARAMS = {"module": "Leads"}.
2021-05-04 16:49:22,608 - SDKLogger - INFO - api_http_connector - api_http_connector.py - fire_request - 100  - GET - URL = https://www.zohoapis.com/crm/v2/settings/custom_views/3266912000000087501 , HEADERS = {"Authorization": " ## can't disclose ## ", "X-ZOHO-SDK": "Linux/5.4.0-72-generic python/3.6.12:3.0.0"} , PARAMS = {"module": "Leads"}.
2021-05-04 16:50:12,864 - SDKLogger - INFO - initializer - initializer.py - initialize - 130  - Initialization successful for Email Id : crm+bmke@roam.africa in Environment : https://www.zohoapis.com.
2021-05-04 16:50:12,869 - SDKLogger - INFO - api_http_connector - api_http_connector.py - fire_request - 100  - GET - URL = https://www.zohoapis.com/crm/bulk/v2/read/3266912000000089005/result , HEADERS = {"Authorization": " ## can't disclose ## ", "X-ZOHO-SDK": "Linux/5.4.0-72-generic python/3.6.12:3.0.0"} , PARAMS = {}.
2021-05-04 16:50:14,359 - SDKLogger - INFO - initializer - initializer.py - initialize - 130  - Initialization successful for Email Id : crm+bmke@roam.africa in Environment : https://www.zohoapis.com.
2021-05-04 16:50:14,359 - SDKLogger - INFO - initializer - initializer.py - initialize - 130  - Initialization successful for Email Id : crm+bmke@roam.africa in Environment : https://www.zohoapis.com.
2021-05-04 16:50:14,362 - SDKLogger - INFO - initializer - initializer.py - initialize - 130  - Initialization successful for Email Id : crm+bmke@roam.africa in Environment : https://www.zohoapis.com.
2021-05-04 16:50:14,362 - SDKLogger - INFO - initializer - initializer.py - initialize - 130  - Initialization successful for Email Id : crm+bmke@roam.africa in Environment : https://www.zohoapis.com.
2021-05-04 16:50:14,362 - SDKLogger - INFO - initializer - initializer.py - initialize - 130  - Initialization successful for Email Id : crm+bmke@roam.africa in Environment : https://www.zohoapis.com.
2021-05-04 16:50:14,363 - SDKLogger - INFO - api_http_connector - api_http_connector.py - fire_request - 100  - GET - URL = https://www.zohoapis.com/crm/v2/settings/custom_views , HEADERS = {"Authorization": " ## can't disclose ## ", "X-ZOHO-SDK": "Linux/5.4.0-72-generic python/3.6.12:3.0.0"} , PARAMS = {"module": "Leads", "page": "1", "per_page": "20"}.
2021-05-04 16:50:14,363 - SDKLogger - INFO - api_http_connector - api_http_connector.py - fire_request - 100  - GET - URL = https://www.zohoapis.com/crm/v2/settings/custom_views , HEADERS = {"Authorization": " ## can't disclose ## ", "X-ZOHO-SDK": "Linux/5.4.0-72-generic python/3.6.12:3.0.0"} , PARAMS = {"module": "Leads", "page": "1", "per_page": "20"}.
2021-05-04 16:50:14,363 - SDKLogger - INFO - api_http_connector - api_http_connector.py - fire_request - 100  - GET - URL = https://www.zohoapis.com/crm/v2/settings/custom_views , HEADERS = {"Authorization": " ## can't disclose ## ", "X-ZOHO-SDK": "Linux/5.4.0-72-generic python/3.6.12:3.0.0"} , PARAMS = {"module": "Leads", "page": "1", "per_page": "20"}.
2021-05-04 16:50:27,300 - SDKLogger - INFO - initializer - initializer.py - initialize - 130  - Initialization successful for Email Id : crm+bmke@roam.africa in Environment : https://www.zohoapis.com.
2021-05-04 16:50:27,306 - SDKLogger - INFO - api_http_connector - api_http_connector.py - fire_request - 100  - GET - URL = https://www.zohoapis.com/crm/bulk/v2/read/3266912000000089005/result , HEADERS = {"Authorization": " ## can't disclose ## ", "X-ZOHO-SDK": "Linux/5.4.0-72-generic python/3.6.12:3.0.0"} , PARAMS = {}.
2021-05-04 16:50:28,631 - SDKLogger - INFO - initializer - initializer.py - initialize - 130  - Initialization successful for Email Id : crm+bmke@roam.africa in Environment : https://www.zohoapis.com.
2021-05-04 16:50:28,631 - SDKLogger - INFO - initializer - initializer.py - initialize - 130  - Initialization successful for Email Id : crm+bmke@roam.africa in Environment : https://www.zohoapis.com.
2021-05-04 16:50:50,723 - SDKLogger - INFO - initializer - initializer.py - initialize - 130  - Initialization successful for Email Id : crm+bmke@roam.africa in Environment : https://www.zohoapis.com.
2021-05-04 16:50:50,729 - SDKLogger - INFO - api_http_connector - api_http_connector.py - fire_request - 100  - GET - URL = https://www.zohoapis.com/crm/bulk/v2/read/3266912000000089005/result , HEADERS = {"Authorization": " ## can't disclose ## ", "X-ZOHO-SDK": "Linux/5.4.0-72-generic python/3.6.12:3.0.0"} , PARAMS = {}.
2021-05-04 16:50:53,100 - SDKLogger - INFO - initializer - initializer.py - initialize - 130  - Initialization successful for Email Id : crm+bmke@roam.africa in Environment : https://www.zohoapis.com.
2021-05-04 16:50:53,100 - SDKLogger - INFO - initializer - initializer.py - initialize - 130  - Initialization successful for Email Id : crm+bmke@roam.africa in Environment : https://www.zohoapis.com.
2021-05-04 16:50:53,103 - SDKLogger - INFO - initializer - initializer.py - initialize - 130  - Initialization successful for Email Id : crm+bmke@roam.africa in Environment : https://www.zohoapis.com.
2021-05-04 16:50:53,103 - SDKLogger - INFO - initializer - initializer.py - initialize - 130  - Initialization successful for Email Id : crm+bmke@roam.africa in Environment : https://www.zohoapis.com.
2021-05-04 16:50:53,103 - SDKLogger - INFO - initializer - initializer.py - initialize - 130  - Initialization successful for Email Id : crm+bmke@roam.africa in Environment : https://www.zohoapis.com.
2021-05-04 16:51:13,496 - SDKLogger - INFO - api_http_connector - api_http_connector.py - fire_request - 100  - GET - URL = https://www.zohoapis.com/crm/v2/settings/custom_views/3266912000000087501 , HEADERS = {"Authorization": " ## can't disclose ## ", "X-ZOHO-SDK": "Linux/5.4.0-72-generic python/3.6.12:3.0.0"} , PARAMS = {"module": "Leads"}.
2021-05-04 16:51:13,496 - SDKLogger - INFO - api_http_connector - api_http_connector.py - fire_request - 100  - GET - URL = https://www.zohoapis.com/crm/v2/settings/custom_views/3266912000000087501 , HEADERS = {"Authorization": " ## can't disclose ## ", "X-ZOHO-SDK": "Linux/5.4.0-72-generic python/3.6.12:3.0.0"} , PARAMS = {"module": "Leads"}.
2021-05-04 16:51:13,496 - SDKLogger - INFO - api_http_connector - api_http_connector.py - fire_request - 100  - GET - URL = https://www.zohoapis.com/crm/v2/settings/custom_views/3266912000000087501 , HEADERS = {"Authorization": " ## can't disclose ## ", "X-ZOHO-SDK": "Linux/5.4.0-72-generic python/3.6.12:3.0.0"} , PARAMS = {"module": "Leads"}.
2021-05-04 16:51:32,428 - SDKLogger - INFO - initializer - initializer.py - initialize - 130  - Initialization successful for Email Id : crm+bmke@roam.africa in Environment : https://www.zohoapis.com.
2021-05-04 16:51:32,434 - SDKLogger - INFO - api_http_connector - api_http_connector.py - fire_request - 100  - GET - URL = https://www.zohoapis.com/crm/bulk/v2/read/3266912000000089005/result , HEADERS = {"Authorization": " ## can't disclose ## ", "X-ZOHO-SDK": "Linux/5.4.0-72-generic python/3.6.12:3.0.0"} , PARAMS = {}.
2021-05-04 16:51:33,748 - SDKLogger - INFO - initializer - initializer.py - initialize - 130  - Initialization successful for Email Id : crm+bmke@roam.africa in Environment : https://www.zohoapis.com.
2021-05-04 16:51:33,748 - SDKLogger - INFO - initializer - initializer.py - initialize - 130  - Initialization successful for Email Id : crm+bmke@roam.africa in Environment : https://www.zohoapis.com.
2021-05-04 16:51:33,751 - SDKLogger - INFO - initializer - initializer.py - initialize - 130  - Initialization successful for Email Id : crm+bmke@roam.africa in Environment : https://www.zohoapis.com.
2021-05-04 16:51:33,751 - SDKLogger - INFO - initializer - initializer.py - initialize - 130  - Initialization successful for Email Id : crm+bmke@roam.africa in Environment : https://www.zohoapis.com.
2021-05-04 16:51:33,751 - SDKLogger - INFO - initializer - initializer.py - initialize - 130  - Initialization successful for Email Id : crm+bmke@roam.africa in Environment : https://www.zohoapis.com.
2021-05-04 16:51:33,752 - SDKLogger - INFO - api_http_connector - api_http_connector.py - fire_request - 100  - GET - URL = https://www.zohoapis.com/crm/v2/settings/custom_views/3266912000000087501 , HEADERS = {"Authorization": " ## can't disclose ## ", "X-ZOHO-SDK": "Linux/5.4.0-72-generic python/3.6.12:3.0.0"} , PARAMS = {"module": "Leads"}.
2021-05-04 16:51:33,752 - SDKLogger - INFO - api_http_connector - api_http_connector.py - fire_request - 100  - GET - URL = https://www.zohoapis.com/crm/v2/settings/custom_views/3266912000000087501 , HEADERS = {"Authorization": " ## can't disclose ## ", "X-ZOHO-SDK": "Linux/5.4.0-72-generic python/3.6.12:3.0.0"} , PARAMS = {"module": "Leads"}.
2021-05-04 16:51:33,752 - SDKLogger - INFO - api_http_connector - api_http_connector.py - fire_request - 100  - GET - URL = https://www.zohoapis.com/crm/v2/settings/custom_views/3266912000000087501 , HEADERS = {"Authorization": " ## can't disclose ## ", "X-ZOHO-SDK": "Linux/5.4.0-72-generic python/3.6.12:3.0.0"} , PARAMS = {"module": "Leads"}.
2021-05-04 16:52:47,944 - SDKLogger - INFO - initializer - initializer.py - initialize - 130  - Initialization successful for Email Id : crm+bmke@roam.africa in Environment : https://www.zohoapis.com.
2021-05-04 16:52:47,950 - SDKLogger - INFO - api_http_connector - api_http_connector.py - fire_request - 100  - GET - URL = https://www.zohoapis.com/crm/bulk/v2/read/3266912000000089005/result , HEADERS = {"Authorization": " ## can't disclose ## ", "X-ZOHO-SDK": "Linux/5.4.0-72-generic python/3.6.12:3.0.0"} , PARAMS = {}.
2021-05-04 16:52:49,314 - SDKLogger - INFO - initializer - initializer.py - initialize - 130  - Initialization successful for Email Id : crm+bmke@roam.africa in Environment : https://www.zohoapis.com.
2021-05-04 16:52:49,314 - SDKLogger - INFO - initializer - initializer.py - initialize - 130  - Initialization successful for Email Id : crm+bmke@roam.africa in Environment : https://www.zohoapis.com.
2021-05-04 16:52:49,315 - SDKLogger - INFO - api_http_connector - api_http_connector.py - fire_request - 100  - GET - URL = https://www.zohoapis.com/crm/v2/settings/custom_views/3266912000000087501 , HEADERS = {"Authorization": " ## can't disclose ## ", "X-ZOHO-SDK": "Linux/5.4.0-72-generic python/3.6.12:3.0.0"} , PARAMS = {"module": "Leads"}.
2021-05-04 16:52:49,315 - SDKLogger - INFO - api_http_connector - api_http_connector.py - fire_request - 100  - GET - URL = https://www.zohoapis.com/crm/v2/settings/custom_views/3266912000000087501 , HEADERS = {"Authorization": " ## can't disclose ## ", "X-ZOHO-SDK": "Linux/5.4.0-72-generic python/3.6.12:3.0.0"} , PARAMS = {"module": "Leads"}.
2021-05-04 16:54:22,181 - SDKLogger - INFO - initializer - initializer.py - initialize - 130  - Initialization successful for Email Id : crm+bmke@roam.africa in Environment : https://www.zohoapis.com.
2021-05-04 16:54:22,187 - SDKLogger - INFO - api_http_connector - api_http_connector.py - fire_request - 100  - GET - URL = https://www.zohoapis.com/crm/bulk/v2/read/3266912000000089005/result , HEADERS = {"Authorization": " ## can't disclose ## ", "X-ZOHO-SDK": "Linux/5.4.0-72-generic python/3.6.12:3.0.0"} , PARAMS = {}.
2021-05-04 16:54:23,632 - SDKLogger - INFO - initializer - initializer.py - initialize - 130  - Initialization successful for Email Id : crm+bmke@roam.africa in Environment : https://www.zohoapis.com.
2021-05-04 16:54:23,632 - SDKLogger - INFO - initializer - initializer.py - initialize - 130  - Initialization successful for Email Id : crm+bmke@roam.africa in Environment : https://www.zohoapis.com.
2021-05-04 16:54:24,922 - SDKLogger - INFO - api_http_connector - api_http_connector.py - fire_request - 100  - GET - URL = https://www.zohoapis.com/crm/v2/settings/custom_views/3266912000000087501 , HEADERS = {"Authorization": " ## can't disclose ## ", "X-ZOHO-SDK": "Linux/5.4.0-72-generic python/3.6.12:3.0.0"} , PARAMS = {"module": "Leads"}.
2021-05-04 16:54:24,922 - SDKLogger - INFO - api_http_connector - api_http_connector.py - fire_request - 100  - GET - URL = https://www.zohoapis.com/crm/v2/settings/custom_views/3266912000000087501 , HEADERS = {"Authorization": " ## can't disclose ## ", "X-ZOHO-SDK": "Linux/5.4.0-72-generic python/3.6.12:3.0.0"} , PARAMS = {"module": "Leads"}.
2021-05-04 16:56:12,212 - SDKLogger - INFO - initializer - initializer.py - initialize - 130  - Initialization successful for Email Id : crm+bmke@roam.africa in Environment : https://www.zohoapis.com.
2021-05-04 16:56:12,212 - SDKLogger - INFO - oauth_token - oauth_token.py - authenticate - 114  - Access Token has expired. Hence refreshing.
2021-05-04 16:56:13,405 - SDKLogger - INFO - api_http_connector - api_http_connector.py - fire_request - 100  - GET - URL = https://www.zohoapis.com/crm/bulk/v2/read/3266912000000089005/result , HEADERS = {"Authorization": " ## can't disclose ## ", "X-ZOHO-SDK": "Linux/5.4.0-72-generic python/3.6.12:3.0.0"} , PARAMS = {}.
2021-05-04 16:56:15,035 - SDKLogger - INFO - initializer - initializer.py - initialize - 130  - Initialization successful for Email Id : crm+bmke@roam.africa in Environment : https://www.zohoapis.com.
2021-05-04 16:56:15,035 - SDKLogger - INFO - initializer - initializer.py - initialize - 130  - Initialization successful for Email Id : crm+bmke@roam.africa in Environment : https://www.zohoapis.com.
2021-05-04 16:56:15,036 - SDKLogger - INFO - api_http_connector - api_http_connector.py - fire_request - 100  - GET - URL = https://www.zohoapis.com/crm/v2/settings/custom_views/3266912000000087501 , HEADERS = {"Authorization": " ## can't disclose ## ", "X-ZOHO-SDK": "Linux/5.4.0-72-generic python/3.6.12:3.0.0"} , PARAMS = {"module": "Leads"}.
2021-05-04 16:56:15,036 - SDKLogger - INFO - api_http_connector - api_http_connector.py - fire_request - 100  - GET - URL = https://www.zohoapis.com/crm/v2/settings/custom_views/3266912000000087501 , HEADERS = {"Authorization": " ## can't disclose ## ", "X-ZOHO-SDK": "Linux/5.4.0-72-generic python/3.6.12:3.0.0"} , PARAMS = {"module": "Leads"}.
2021-05-04 16:56:39,796 - SDKLogger - INFO - initializer - initializer.py - initialize - 130  - Initialization successful for Email Id : crm+bmke@roam.africa in Environment : https://www.zohoapis.com.
2021-05-04 16:56:39,801 - SDKLogger - INFO - api_http_connector - api_http_connector.py - fire_request - 100  - GET - URL = https://www.zohoapis.com/crm/bulk/v2/read/3266912000000089005/result , HEADERS = {"Authorization": " ## can't disclose ## ", "X-ZOHO-SDK": "Linux/5.4.0-72-generic python/3.6.12:3.0.0"} , PARAMS = {}.
2021-05-04 16:56:41,196 - SDKLogger - INFO - initializer - initializer.py - initialize - 130  - Initialization successful for Email Id : crm+bmke@roam.africa in Environment : https://www.zohoapis.com.
2021-05-04 16:56:41,196 - SDKLogger - INFO - initializer - initializer.py - initialize - 130  - Initialization successful for Email Id : crm+bmke@roam.africa in Environment : https://www.zohoapis.com.
2021-05-04 16:56:41,197 - SDKLogger - INFO - api_http_connector - api_http_connector.py - fire_request - 100  - GET - URL = https://www.zohoapis.com/crm/v2/settings/custom_views , HEADERS = {"Authorization": " ## can't disclose ## ", "X-ZOHO-SDK": "Linux/5.4.0-72-generic python/3.6.12:3.0.0"} , PARAMS = {"module": "Leads", "page": "1", "per_page": "20"}.
2021-05-04 16:56:41,197 - SDKLogger - INFO - api_http_connector - api_http_connector.py - fire_request - 100  - GET - URL = https://www.zohoapis.com/crm/v2/settings/custom_views , HEADERS = {"Authorization": " ## can't disclose ## ", "X-ZOHO-SDK": "Linux/5.4.0-72-generic python/3.6.12:3.0.0"} , PARAMS = {"module": "Leads", "page": "1", "per_page": "20"}.
2021-05-04 16:57:39,789 - SDKLogger - INFO - initializer - initializer.py - initialize - 130  - Initialization successful for Email Id : crm+bmke@roam.africa in Environment : https://www.zohoapis.com.
2021-05-04 16:57:39,794 - SDKLogger - INFO - api_http_connector - api_http_connector.py - fire_request - 100  - GET - URL = https://www.zohoapis.com/crm/bulk/v2/read/3266912000000089005/result , HEADERS = {"Authorization": " ## can't disclose ## ", "X-ZOHO-SDK": "Linux/5.4.0-72-generic python/3.6.12:3.0.0"} , PARAMS = {}.
2021-05-04 16:57:41,181 - SDKLogger - INFO - initializer - initializer.py - initialize - 130  - Initialization successful for Email Id : crm+bmke@roam.africa in Environment : https://www.zohoapis.com.
2021-05-04 16:57:41,181 - SDKLogger - INFO - initializer - initializer.py - initialize - 130  - Initialization successful for Email Id : crm+bmke@roam.africa in Environment : https://www.zohoapis.com.
2021-05-04 16:58:58,668 - SDKLogger - INFO - initializer - initializer.py - initialize - 130  - Initialization successful for Email Id : crm+bmke@roam.africa in Environment : https://www.zohoapis.com.
2021-05-04 16:59:04,377 - SDKLogger - INFO - api_http_connector - api_http_connector.py - fire_request - 100  - GET - URL = https://www.zohoapis.com/crm/v2/settings/custom_views , HEADERS = {"Authorization": " ## can't disclose ## ", "X-ZOHO-SDK": "Linux/5.4.0-72-generic python/3.6.12:3.0.0"} , PARAMS = {"module": "Leads", "page": "1", "per_page": "20"}.
2021-05-04 17:01:12,513 - SDKLogger - INFO - initializer - initializer.py - initialize - 130  - Initialization successful for Email Id : crm+bmke@roam.africa in Environment : https://www.zohoapis.com.
2021-05-04 17:01:16,941 - SDKLogger - INFO - api_http_connector - api_http_connector.py - fire_request - 100  - GET - URL = https://www.zohoapis.com/crm/v2/settings/custom_views/3266912000000087501 , HEADERS = {"Authorization": " ## can't disclose ## ", "X-ZOHO-SDK": "Linux/5.4.0-72-generic python/3.6.12:3.0.0"} , PARAMS = {"module": "Leads"}.
2021-05-04 17:03:40,789 - SDKLogger - INFO - initializer - initializer.py - initialize - 130  - Initialization successful for Email Id : crm+bmke@roam.africa in Environment : https://www.zohoapis.com.
2021-05-04 17:03:40,790 - SDKLogger - INFO - api_http_connector - api_http_connector.py - fire_request - 100  - GET - URL = https://www.zohoapis.com/crm/v2/settings/custom_views/3266912000000087501 , HEADERS = {"Authorization": " ## can't disclose ## ", "X-ZOHO-SDK": "Linux/5.4.0-72-generic python/3.6.12:3.0.0"} , PARAMS = {"module": "Leads"}.
2021-05-04 17:06:29,458 - SDKLogger - INFO - initializer - initializer.py - initialize - 130  - Initialization successful for Email Id : crm+bmke@roam.africa in Environment : https://www.zohoapis.com.
2021-05-04 17:06:29,460 - SDKLogger - INFO - api_http_connector - api_http_connector.py - fire_request - 100  - GET - URL = https://www.zohoapis.com/crm/v2/settings/custom_views/3266912000000087501 , HEADERS = {"Authorization": " ## can't disclose ## ", "X-ZOHO-SDK": "Linux/5.4.0-72-generic python/3.6.12:3.0.0"} , PARAMS = {"module": "Leads"}.
2021-05-04 17:11:52,486 - SDKLogger - INFO - initializer - initializer.py - initialize - 130  - Initialization successful for Email Id : crm+bmke@roam.africa in Environment : https://www.zohoapis.com.
2021-05-04 17:11:52,487 - SDKLogger - INFO - api_http_connector - api_http_connector.py - fire_request - 100  - GET - URL = https://www.zohoapis.com/crm/v2/settings/custom_views/3266912000000087501 , HEADERS = {"Authorization": " ## can't disclose ## ", "X-ZOHO-SDK": "Linux/5.4.0-72-generic python/3.6.12:3.0.0"} , PARAMS = {"module": "Leads"}.
2021-05-04 17:14:59,562 - SDKLogger - INFO - initializer - initializer.py - initialize - 130  - Initialization successful for Email Id : crm+bmke@roam.africa in Environment : https://www.zohoapis.com.
2021-05-04 17:14:59,563 - SDKLogger - INFO - api_http_connector - api_http_connector.py - fire_request - 100  - GET - URL = https://www.zohoapis.com/crm/v2/settings/custom_views/3266912000000087501 , HEADERS = {"Authorization": " ## can't disclose ## ", "X-ZOHO-SDK": "Linux/5.4.0-72-generic python/3.6.12:3.0.0"} , PARAMS = {"module": "Leads"}.
2021-05-04 17:16:35,115 - SDKLogger - INFO - initializer - initializer.py - initialize - 130  - Initialization successful for Email Id : crm+bmke@roam.africa in Environment : https://www.zohoapis.com.
2021-05-04 17:16:35,116 - SDKLogger - INFO - api_http_connector - api_http_connector.py - fire_request - 100  - GET - URL = https://www.zohoapis.com/crm/v2/settings/custom_views/3266912000000087501 , HEADERS = {"Authorization": " ## can't disclose ## ", "X-ZOHO-SDK": "Linux/5.4.0-72-generic python/3.6.12:3.0.0"} , PARAMS = {"module": "Leads"}.
2021-05-04 17:16:57,857 - SDKLogger - INFO - initializer - initializer.py - initialize - 130  - Initialization successful for Email Id : crm+bmke@roam.africa in Environment : https://www.zohoapis.com.
2021-05-04 17:16:57,858 - SDKLogger - INFO - api_http_connector - api_http_connector.py - fire_request - 100  - GET - URL = https://www.zohoapis.com/crm/v2/settings/custom_views/3266912000000087501 , HEADERS = {"Authorization": " ## can't disclose ## ", "X-ZOHO-SDK": "Linux/5.4.0-72-generic python/3.6.12:3.0.0"} , PARAMS = {"module": "Leads"}.
2021-05-04 17:17:16,103 - SDKLogger - INFO - initializer - initializer.py - initialize - 130  - Initialization successful for Email Id : crm+bmke@roam.africa in Environment : https://www.zohoapis.com.
2021-05-04 17:17:18,076 - SDKLogger - INFO - api_http_connector - api_http_connector.py - fire_request - 100  - GET - URL = https://www.zohoapis.com/crm/v2/settings/custom_views/3266912000000087501 , HEADERS = {"Authorization": " ## can't disclose ## ", "X-ZOHO-SDK": "Linux/5.4.0-72-generic python/3.6.12:3.0.0"} , PARAMS = {"module": "Leads"}.
2021-05-04 17:23:23,608 - SDKLogger - INFO - initializer - initializer.py - initialize - 130  - Initialization successful for Email Id : crm+bmke@roam.africa in Environment : https://www.zohoapis.com.
2021-05-04 17:23:23,610 - SDKLogger - INFO - oauth_token - oauth_token.py - authenticate - 114  - Access Token has expired. Hence refreshing.
2021-05-04 17:23:24,919 - SDKLogger - INFO - api_http_connector - api_http_connector.py - fire_request - 100  - GET - URL = https://www.zohoapis.com/crm/v2/settings/custom_views/3266912000000087501 , HEADERS = {"Authorization": " ## can't disclose ## ", "X-ZOHO-SDK": "Linux/5.4.0-72-generic python/3.6.12:3.0.0"} , PARAMS = {"module": "Leads"}.
2021-05-04 17:32:49,891 - SDKLogger - INFO - initializer - initializer.py - initialize - 130  - Initialization successful for Email Id : crm+bmke@roam.africa in Environment : https://www.zohoapis.com.
2021-05-04 17:32:49,896 - SDKLogger - INFO - api_http_connector - api_http_connector.py - fire_request - 100  - GET - URL = https://www.zohoapis.com/crm/bulk/v2/read/3266912000000087501/result , HEADERS = {"Authorization": " ## can't disclose ## ", "X-ZOHO-SDK": "Linux/5.4.0-72-generic python/3.6.12:3.0.0"} , PARAMS = {}.
2021-05-04 17:33:59,435 - SDKLogger - INFO - initializer - initializer.py - initialize - 130  - Initialization successful for Email Id : crm+bmke@roam.africa in Environment : https://www.zohoapis.com.
2021-05-04 17:33:59,441 - SDKLogger - INFO - api_http_connector - api_http_connector.py - fire_request - 100  - GET - URL = https://www.zohoapis.com/crm/bulk/v2/read/3266912000000087501/result , HEADERS = {"Authorization": " ## can't disclose ## ", "X-ZOHO-SDK": "Linux/5.4.0-72-generic python/3.6.12:3.0.0"} , PARAMS = {}.
2021-05-04 17:34:00,741 - SDKLogger - INFO - initializer - initializer.py - initialize - 130  - Initialization successful for Email Id : crm+bmke@roam.africa in Environment : https://www.zohoapis.com.
2021-05-04 17:34:00,741 - SDKLogger - INFO - initializer - initializer.py - initialize - 130  - Initialization successful for Email Id : crm+bmke@roam.africa in Environment : https://www.zohoapis.com.
2021-05-04 17:35:04,721 - SDKLogger - INFO - initializer - initializer.py - initialize - 130  - Initialization successful for Email Id : crm+bmke@roam.africa in Environment : https://www.zohoapis.com.
2021-05-04 17:35:31,510 - SDKLogger - INFO - api_http_connector - api_http_connector.py - fire_request - 100  - GET - URL = https://www.zohoapis.com/crm/v2/settings/custom_views , HEADERS = {"Authorization": " ## can't disclose ## ", "X-ZOHO-SDK": "Linux/5.4.0-72-generic python/3.6.12:3.0.0"} , PARAMS = {"module": "Leads", "page": "1", "per_page": "20"}.
2021-05-04 17:37:33,912 - SDKLogger - INFO - initializer - initializer.py - initialize - 130  - Initialization successful for Email Id : crm+bmke@roam.africa in Environment : https://www.zohoapis.com.
2021-05-04 17:37:33,913 - SDKLogger - INFO - api_http_connector - api_http_connector.py - fire_request - 100  - GET - URL = https://www.zohoapis.com/crm/v2/settings/custom_views/3266912000000087501 , HEADERS = {"Authorization": " ## can't disclose ## ", "X-ZOHO-SDK": "Linux/5.4.0-72-generic python/3.6.12:3.0.0"} , PARAMS = {"module": "Leads"}.
